<?xml version="1.0" encoding="UTF-8"?>
<!-- Generated by org.testng.reporters.JUnitXMLReporter -->
<testsuite hostname="DESKTOP-8SUO2MV" ignored="28" name="SmokeTesting" tests="20" failures="4" timestamp="2023-07-17T15:29:16 IST" time="501.028" errors="0">
  <testcase name="verify_validateSearchBymultilingualService_Lanaguage" time="26.65" classname="testcases.TopSearchPageTest"/>
  <testcase name="verifysoftwareMenuTest" time="6.922" classname="testcases.FindSoftwareCategoryPage"/>
  <testcase name="verify_PopularFeaturescheck" time="6.333" classname="testcases.FindSoftwareCategoryPage"/>
  <testcase name="verify_PriceModelSelection" time="20.519" classname="testcases.FindSoftwareCategoryPage"/>
  <testcase name="verify_devicesupportselection" time="27.029" classname="testcases.FindSoftwareCategoryPage"/>
  <testcase name="verify_deploymentselection" time="31.747" classname="testcases.FindSoftwareCategoryPage"/>
  <testcase name="verify_targetcompanysizeselection" time="29.175" classname="testcases.FindSoftwareCategoryPage"/>
  <testcase name="verify_Extra_selectCheckbox" time="5.963" classname="testcases.FindSoftwareCategoryPage"/>
  <testcase name="verify_copyrightTest" time="0.075" classname="testcases.VerifyFooterLinksclick"/>
  <testcase name="footerlinks_aboutTest" time="29.032" classname="testcases.VerifyFooterLinksclick"/>
  <testcase name="Verify_BrokenLinks" time="179.733" classname="testcases.BrokenLinksPageTest">
    <failure type="org.openqa.selenium.StaleElementReferenceException" message="stale element reference: stale element not found
  (Session info: chrome=114.0.5735.199)
For documentation on this error, please visit: https://selenium.dev/exceptions/#stale_element_reference
Build info: version: &amp;apos;4.9.1&amp;apos;, revision: &amp;apos;eb2032df7f&amp;apos;
System info: os.name: &amp;apos;Windows 10&amp;apos;, os.arch: &amp;apos;amd64&amp;apos;, os.version: &amp;apos;10.0&amp;apos;, java.version: &amp;apos;1.8.0_361&amp;apos;
Driver info: org.openqa.selenium.chrome.ChromeDriver
Command: [3674f88e3e5774d1d70ca62fdce839e6, getElementAttribute {id=307CD9186906A0D7D1D367BA3298655D_element_1497, name=href}]
Capabilities {acceptInsecureCerts: false, browserName: chrome, browserVersion: 114.0.5735.199, chrome: {chromedriverVersion: 114.0.5735.90 (386bc09e8f4f..., userDataDir: C:\Users\Rashmi\AppData\Loc...}, goog:chromeOptions: {debuggerAddress: localhost:62249}, networkConnectionEnabled: false, pageLoadStrategy: normal, platformName: windows, proxy: Proxy(), se:cdp: ws://localhost:62249/devtoo..., se:cdpVersion: 114.0.5735.199, setWindowRect: true, strictFileInteractability: false, timeouts: {implicit: 0, pageLoad: 300000, script: 30000}, unhandledPromptBehavior: dismiss and notify, webauthn:extension:credBlob: true, webauthn:extension:largeBlob: true, webauthn:extension:minPinLength: true, webauthn:extension:prf: true, webauthn:virtualAuthenticators: true}
Element: [[ChromeDriver: chrome on windows (3674f88e3e5774d1d70ca62fdce839e6)] -&amp;gt; tag name: a]
Session ID: 3674f88e3e5774d1d70ca62fdce839e6">
      <![CDATA[org.openqa.selenium.StaleElementReferenceException: stale element reference: stale element not found
  (Session info: chrome=114.0.5735.199)
For documentation on this error, please visit: https://selenium.dev/exceptions/#stale_element_reference
Build info: version: '4.9.1', revision: 'eb2032df7f'
System info: os.name: 'Windows 10', os.arch: 'amd64', os.version: '10.0', java.version: '1.8.0_361'
Driver info: org.openqa.selenium.chrome.ChromeDriver
Command: [3674f88e3e5774d1d70ca62fdce839e6, getElementAttribute {id=307CD9186906A0D7D1D367BA3298655D_element_1497, name=href}]
Capabilities {acceptInsecureCerts: false, browserName: chrome, browserVersion: 114.0.5735.199, chrome: {chromedriverVersion: 114.0.5735.90 (386bc09e8f4f..., userDataDir: C:\Users\Rashmi\AppData\Loc...}, goog:chromeOptions: {debuggerAddress: localhost:62249}, networkConnectionEnabled: false, pageLoadStrategy: normal, platformName: windows, proxy: Proxy(), se:cdp: ws://localhost:62249/devtoo..., se:cdpVersion: 114.0.5735.199, setWindowRect: true, strictFileInteractability: false, timeouts: {implicit: 0, pageLoad: 300000, script: 30000}, unhandledPromptBehavior: dismiss and notify, webauthn:extension:credBlob: true, webauthn:extension:largeBlob: true, webauthn:extension:minPinLength: true, webauthn:extension:prf: true, webauthn:virtualAuthenticators: true}
Element: [[ChromeDriver: chrome on windows (3674f88e3e5774d1d70ca62fdce839e6)] -> tag name: a]
Session ID: 3674f88e3e5774d1d70ca62fdce839e6
at org.openqa.selenium.remote.codec.w3c.W3CHttpResponseCodec.createException(W3CHttpResponseCodec.java:200)
at org.openqa.selenium.remote.codec.w3c.W3CHttpResponseCodec.decode(W3CHttpResponseCodec.java:133)
at org.openqa.selenium.remote.codec.w3c.W3CHttpResponseCodec.decode(W3CHttpResponseCodec.java:53)
at org.openqa.selenium.remote.HttpCommandExecutor.execute(HttpCommandExecutor.java:193)
at org.openqa.selenium.remote.service.DriverCommandExecutor.invokeExecute(DriverCommandExecutor.java:183)
at org.openqa.selenium.remote.service.DriverCommandExecutor.execute(DriverCommandExecutor.java:158)
at org.openqa.selenium.remote.RemoteWebDriver.execute(RemoteWebDriver.java:543)
at org.openqa.selenium.remote.RemoteWebElement.execute(RemoteWebElement.java:257)
at org.openqa.selenium.remote.RemoteWebElement.getAttribute(RemoteWebElement.java:158)
at pageobjects.BrokenLinkPage.brokenlinks(BrokenLinkPage.java:74)
at testcases.BrokenLinksPageTest.Verify_BrokenLinks(BrokenLinksPageTest.java:50)
at java.util.ArrayList.forEach(Unknown Source)
... Removed 31 stack frames]]>
    </failure>
  </testcase> <!-- Verify_BrokenLinks -->
  <testcase name="verify_BlogPage" time="1.14" classname="testcases.BlogPageTest"/>
  <testcase name="verify_servicemenu" time="3.274" classname="testcases.ServiceMenuPageTest"/>
  <testcase name="verify_ValidloginTest" time="8.062" classname="testcases.LoginPageTest"/>
  <testcase name="Verify_goodfirmsImageTest" time="0.048" classname="testcases.LoginPageTest"/>
  <testcase name="verify_ValidSigninClickTest" time="0.905" classname="testcases.LoginPageTest"/>
  <testcase name="Verify_loginPageTitleTest" time="0.008" classname="testcases.LoginPageTest"/>
  <testcase name="verify_BlankCheckTest" time="5.14" classname="testcases.LoginPageTest">
    <failure type="org.openqa.selenium.ElementClickInterceptedException" message="element click intercepted: Element &amp;lt;button type=&amp;quot;submit&amp;quot; class=&amp;quot;submit-btn register-btn&amp;quot;&amp;gt;...&amp;lt;/button&amp;gt; is not clickable at point (791, 676). Other element would receive the click: &amp;lt;iframe title=&amp;quot;recaptcha challenge expires in two minutes&amp;quot; src=&amp;quot;https://www.google.com/recaptcha/api2/bframe?hl=en&amp;amp;amp;v=iZWPJyR27lB0cR4hL_xOX0GC&amp;amp;amp;k=6Lfi8nYUAAAAAFABusxKihqLxp3Ms9PoPQ8z6Qlo&amp;quot; name=&amp;quot;c-qmpr802fu3po&amp;quot; frameborder=&amp;quot;0&amp;quot; scrolling=&amp;quot;no&amp;quot; sandbox=&amp;quot;allow-forms allow-popups allow-same-origin allow-scripts allow-top-navigation allow-modals allow-popups-to-escape-sandbox&amp;quot; style=&amp;quot;width: 400px; height: 580px;&amp;quot;&amp;gt;&amp;lt;/iframe&amp;gt;
  (Session info: chrome=114.0.5735.199)
Build info: version: &amp;apos;4.9.1&amp;apos;, revision: &amp;apos;eb2032df7f&amp;apos;
System info: os.name: &amp;apos;Windows 10&amp;apos;, os.arch: &amp;apos;amd64&amp;apos;, os.version: &amp;apos;10.0&amp;apos;, java.version: &amp;apos;1.8.0_361&amp;apos;
Driver info: org.openqa.selenium.chrome.ChromeDriver
Command: [6ecdca3f5d979da380e97682d681d759, clickElement {id=B2C2B42C127D07581B5073A18D7772F6_element_713}]
Capabilities {acceptInsecureCerts: false, browserName: chrome, browserVersion: 114.0.5735.199, chrome: {chromedriverVersion: 114.0.5735.90 (386bc09e8f4f..., userDataDir: C:\Users\Rashmi\AppData\Loc...}, goog:chromeOptions: {debuggerAddress: localhost:63422}, networkConnectionEnabled: false, pageLoadStrategy: normal, platformName: windows, proxy: Proxy(), se:cdp: ws://localhost:63422/devtoo..., se:cdpVersion: 114.0.5735.199, setWindowRect: true, strictFileInteractability: false, timeouts: {implicit: 0, pageLoad: 300000, script: 30000}, unhandledPromptBehavior: dismiss and notify, webauthn:extension:credBlob: true, webauthn:extension:largeBlob: true, webauthn:extension:minPinLength: true, webauthn:extension:prf: true, webauthn:virtualAuthenticators: true}
Element: [[ChromeDriver: chrome on windows (6ecdca3f5d979da380e97682d681d759)] -&amp;gt; xpath: //button[contains(text(),&amp;apos;Sign in&amp;apos;)]]
Session ID: 6ecdca3f5d979da380e97682d681d759">
      <![CDATA[org.openqa.selenium.ElementClickInterceptedException: element click intercepted: Element <button type="submit" class="submit-btn register-btn">...</button> is not clickable at point (791, 676). Other element would receive the click: <iframe title="recaptcha challenge expires in two minutes" src="https://www.google.com/recaptcha/api2/bframe?hl=en&amp;v=iZWPJyR27lB0cR4hL_xOX0GC&amp;k=6Lfi8nYUAAAAAFABusxKihqLxp3Ms9PoPQ8z6Qlo" name="c-qmpr802fu3po" frameborder="0" scrolling="no" sandbox="allow-forms allow-popups allow-same-origin allow-scripts allow-top-navigation allow-modals allow-popups-to-escape-sandbox" style="width: 400px; height: 580px;"></iframe>
  (Session info: chrome=114.0.5735.199)
Build info: version: '4.9.1', revision: 'eb2032df7f'
System info: os.name: 'Windows 10', os.arch: 'amd64', os.version: '10.0', java.version: '1.8.0_361'
Driver info: org.openqa.selenium.chrome.ChromeDriver
Command: [6ecdca3f5d979da380e97682d681d759, clickElement {id=B2C2B42C127D07581B5073A18D7772F6_element_713}]
Capabilities {acceptInsecureCerts: false, browserName: chrome, browserVersion: 114.0.5735.199, chrome: {chromedriverVersion: 114.0.5735.90 (386bc09e8f4f..., userDataDir: C:\Users\Rashmi\AppData\Loc...}, goog:chromeOptions: {debuggerAddress: localhost:63422}, networkConnectionEnabled: false, pageLoadStrategy: normal, platformName: windows, proxy: Proxy(), se:cdp: ws://localhost:63422/devtoo..., se:cdpVersion: 114.0.5735.199, setWindowRect: true, strictFileInteractability: false, timeouts: {implicit: 0, pageLoad: 300000, script: 30000}, unhandledPromptBehavior: dismiss and notify, webauthn:extension:credBlob: true, webauthn:extension:largeBlob: true, webauthn:extension:minPinLength: true, webauthn:extension:prf: true, webauthn:virtualAuthenticators: true}
Element: [[ChromeDriver: chrome on windows (6ecdca3f5d979da380e97682d681d759)] -> xpath: //button[contains(text(),'Sign in')]]
Session ID: 6ecdca3f5d979da380e97682d681d759
at org.openqa.selenium.remote.codec.w3c.W3CHttpResponseCodec.createException(W3CHttpResponseCodec.java:200)
at org.openqa.selenium.remote.codec.w3c.W3CHttpResponseCodec.decode(W3CHttpResponseCodec.java:133)
at org.openqa.selenium.remote.codec.w3c.W3CHttpResponseCodec.decode(W3CHttpResponseCodec.java:53)
at org.openqa.selenium.remote.HttpCommandExecutor.execute(HttpCommandExecutor.java:193)
at org.openqa.selenium.remote.service.DriverCommandExecutor.invokeExecute(DriverCommandExecutor.java:183)
at org.openqa.selenium.remote.service.DriverCommandExecutor.execute(DriverCommandExecutor.java:158)
at org.openqa.selenium.remote.RemoteWebDriver.execute(RemoteWebDriver.java:543)
at org.openqa.selenium.remote.RemoteWebElement.execute(RemoteWebElement.java:257)
at org.openqa.selenium.remote.RemoteWebElement.click(RemoteWebElement.java:78)
at org.openqa.selenium.support.pagefactory.internal.LocatingElementHandler.invoke(LocatingElementHandler.java:52)
at com.sun.proxy.$Proxy29.click(Unknown Source)
at pageobjects.LoginPage.login(LoginPage.java:111)
at testcases.LoginPageTest.verify_BlankCheckTest(LoginPageTest.java:84)
at java.util.ArrayList.forEach(Unknown Source)
... Removed 34 stack frames]]>
    </failure>
  </testcase> <!-- verify_BlankCheckTest -->
  <testcase name="Verify_InvalidloginTest" time="5.873" classname="testcases.LoginPageTest">
    <failure type="org.openqa.selenium.ElementClickInterceptedException" message="element click intercepted: Element &amp;lt;button type=&amp;quot;submit&amp;quot; class=&amp;quot;submit-btn register-btn&amp;quot;&amp;gt;...&amp;lt;/button&amp;gt; is not clickable at point (791, 676). Other element would receive the click: &amp;lt;iframe title=&amp;quot;recaptcha challenge expires in two minutes&amp;quot; src=&amp;quot;https://www.google.com/recaptcha/api2/bframe?hl=en&amp;amp;amp;v=iZWPJyR27lB0cR4hL_xOX0GC&amp;amp;amp;k=6Lfi8nYUAAAAAFABusxKihqLxp3Ms9PoPQ8z6Qlo&amp;quot; name=&amp;quot;c-v2ydrw1ho1qx&amp;quot; frameborder=&amp;quot;0&amp;quot; scrolling=&amp;quot;no&amp;quot; sandbox=&amp;quot;allow-forms allow-popups allow-same-origin allow-scripts allow-top-navigation allow-modals allow-popups-to-escape-sandbox&amp;quot; style=&amp;quot;width: 400px; height: 580px;&amp;quot;&amp;gt;&amp;lt;/iframe&amp;gt;
  (Session info: chrome=114.0.5735.199)
Build info: version: &amp;apos;4.9.1&amp;apos;, revision: &amp;apos;eb2032df7f&amp;apos;
System info: os.name: &amp;apos;Windows 10&amp;apos;, os.arch: &amp;apos;amd64&amp;apos;, os.version: &amp;apos;10.0&amp;apos;, java.version: &amp;apos;1.8.0_361&amp;apos;
Driver info: org.openqa.selenium.chrome.ChromeDriver
Command: [d4627214dd9bfdba45f494a2c8f2a62b, clickElement {id=A7CAE6F98A46428773797581AA1D343D_element_713}]
Capabilities {acceptInsecureCerts: false, browserName: chrome, browserVersion: 114.0.5735.199, chrome: {chromedriverVersion: 114.0.5735.90 (386bc09e8f4f..., userDataDir: C:\Users\Rashmi\AppData\Loc...}, goog:chromeOptions: {debuggerAddress: localhost:63522}, networkConnectionEnabled: false, pageLoadStrategy: normal, platformName: windows, proxy: Proxy(), se:cdp: ws://localhost:63522/devtoo..., se:cdpVersion: 114.0.5735.199, setWindowRect: true, strictFileInteractability: false, timeouts: {implicit: 0, pageLoad: 300000, script: 30000}, unhandledPromptBehavior: dismiss and notify, webauthn:extension:credBlob: true, webauthn:extension:largeBlob: true, webauthn:extension:minPinLength: true, webauthn:extension:prf: true, webauthn:virtualAuthenticators: true}
Element: [[ChromeDriver: chrome on windows (d4627214dd9bfdba45f494a2c8f2a62b)] -&amp;gt; xpath: //button[contains(text(),&amp;apos;Sign in&amp;apos;)]]
Session ID: d4627214dd9bfdba45f494a2c8f2a62b">
      <![CDATA[org.openqa.selenium.ElementClickInterceptedException: element click intercepted: Element <button type="submit" class="submit-btn register-btn">...</button> is not clickable at point (791, 676). Other element would receive the click: <iframe title="recaptcha challenge expires in two minutes" src="https://www.google.com/recaptcha/api2/bframe?hl=en&amp;v=iZWPJyR27lB0cR4hL_xOX0GC&amp;k=6Lfi8nYUAAAAAFABusxKihqLxp3Ms9PoPQ8z6Qlo" name="c-v2ydrw1ho1qx" frameborder="0" scrolling="no" sandbox="allow-forms allow-popups allow-same-origin allow-scripts allow-top-navigation allow-modals allow-popups-to-escape-sandbox" style="width: 400px; height: 580px;"></iframe>
  (Session info: chrome=114.0.5735.199)
Build info: version: '4.9.1', revision: 'eb2032df7f'
System info: os.name: 'Windows 10', os.arch: 'amd64', os.version: '10.0', java.version: '1.8.0_361'
Driver info: org.openqa.selenium.chrome.ChromeDriver
Command: [d4627214dd9bfdba45f494a2c8f2a62b, clickElement {id=A7CAE6F98A46428773797581AA1D343D_element_713}]
Capabilities {acceptInsecureCerts: false, browserName: chrome, browserVersion: 114.0.5735.199, chrome: {chromedriverVersion: 114.0.5735.90 (386bc09e8f4f..., userDataDir: C:\Users\Rashmi\AppData\Loc...}, goog:chromeOptions: {debuggerAddress: localhost:63522}, networkConnectionEnabled: false, pageLoadStrategy: normal, platformName: windows, proxy: Proxy(), se:cdp: ws://localhost:63522/devtoo..., se:cdpVersion: 114.0.5735.199, setWindowRect: true, strictFileInteractability: false, timeouts: {implicit: 0, pageLoad: 300000, script: 30000}, unhandledPromptBehavior: dismiss and notify, webauthn:extension:credBlob: true, webauthn:extension:largeBlob: true, webauthn:extension:minPinLength: true, webauthn:extension:prf: true, webauthn:virtualAuthenticators: true}
Element: [[ChromeDriver: chrome on windows (d4627214dd9bfdba45f494a2c8f2a62b)] -> xpath: //button[contains(text(),'Sign in')]]
Session ID: d4627214dd9bfdba45f494a2c8f2a62b
at org.openqa.selenium.remote.codec.w3c.W3CHttpResponseCodec.createException(W3CHttpResponseCodec.java:200)
at org.openqa.selenium.remote.codec.w3c.W3CHttpResponseCodec.decode(W3CHttpResponseCodec.java:133)
at org.openqa.selenium.remote.codec.w3c.W3CHttpResponseCodec.decode(W3CHttpResponseCodec.java:53)
at org.openqa.selenium.remote.HttpCommandExecutor.execute(HttpCommandExecutor.java:193)
at org.openqa.selenium.remote.service.DriverCommandExecutor.invokeExecute(DriverCommandExecutor.java:183)
at org.openqa.selenium.remote.service.DriverCommandExecutor.execute(DriverCommandExecutor.java:158)
at org.openqa.selenium.remote.RemoteWebDriver.execute(RemoteWebDriver.java:543)
at org.openqa.selenium.remote.RemoteWebElement.execute(RemoteWebElement.java:257)
at org.openqa.selenium.remote.RemoteWebElement.click(RemoteWebElement.java:78)
at org.openqa.selenium.support.pagefactory.internal.LocatingElementHandler.invoke(LocatingElementHandler.java:52)
at com.sun.proxy.$Proxy29.click(Unknown Source)
at pageobjects.LoginPage.login(LoginPage.java:111)
at testcases.LoginPageTest.Verify_InvalidloginTest(LoginPageTest.java:75)
at java.util.ArrayList.forEach(Unknown Source)
... Removed 34 stack frames]]>
    </failure>
  </testcase> <!-- Verify_InvalidloginTest -->
  <testcase name="Verify_Listofportfolio" time="5.255" classname="testcases.ViewPortfolioListTest">
    <failure type="org.openqa.selenium.ElementClickInterceptedException" message="element click intercepted: Element &amp;lt;button type=&amp;quot;submit&amp;quot; class=&amp;quot;submit-btn register-btn&amp;quot;&amp;gt;...&amp;lt;/button&amp;gt; is not clickable at point (791, 676). Other element would receive the click: &amp;lt;iframe title=&amp;quot;recaptcha challenge expires in two minutes&amp;quot; src=&amp;quot;https://www.google.com/recaptcha/api2/bframe?hl=en&amp;amp;amp;v=iZWPJyR27lB0cR4hL_xOX0GC&amp;amp;amp;k=6Lfi8nYUAAAAAFABusxKihqLxp3Ms9PoPQ8z6Qlo&amp;quot; name=&amp;quot;c-23jo0c16ua7t&amp;quot; frameborder=&amp;quot;0&amp;quot; scrolling=&amp;quot;no&amp;quot; sandbox=&amp;quot;allow-forms allow-popups allow-same-origin allow-scripts allow-top-navigation allow-modals allow-popups-to-escape-sandbox&amp;quot; style=&amp;quot;width: 400px; height: 580px;&amp;quot;&amp;gt;&amp;lt;/iframe&amp;gt;
  (Session info: chrome=114.0.5735.199)
Build info: version: &amp;apos;4.9.1&amp;apos;, revision: &amp;apos;eb2032df7f&amp;apos;
System info: os.name: &amp;apos;Windows 10&amp;apos;, os.arch: &amp;apos;amd64&amp;apos;, os.version: &amp;apos;10.0&amp;apos;, java.version: &amp;apos;1.8.0_361&amp;apos;
Driver info: org.openqa.selenium.chrome.ChromeDriver
Command: [ba32191dcb9c25c16c3078285da8a3ef, clickElement {id=D0E80F6B21DB8D6B6EE8C705D0DF8744_element_710}]
Capabilities {acceptInsecureCerts: false, browserName: chrome, browserVersion: 114.0.5735.199, chrome: {chromedriverVersion: 114.0.5735.90 (386bc09e8f4f..., userDataDir: C:\Users\Rashmi\AppData\Loc...}, goog:chromeOptions: {debuggerAddress: localhost:63619}, networkConnectionEnabled: false, pageLoadStrategy: normal, platformName: windows, proxy: Proxy(), se:cdp: ws://localhost:63619/devtoo..., se:cdpVersion: 114.0.5735.199, setWindowRect: true, strictFileInteractability: false, timeouts: {implicit: 0, pageLoad: 300000, script: 30000}, unhandledPromptBehavior: dismiss and notify, webauthn:extension:credBlob: true, webauthn:extension:largeBlob: true, webauthn:extension:minPinLength: true, webauthn:extension:prf: true, webauthn:virtualAuthenticators: true}
Element: [[ChromeDriver: chrome on windows (ba32191dcb9c25c16c3078285da8a3ef)] -&amp;gt; xpath: //button[contains(text(),&amp;apos;Sign in&amp;apos;)]]
Session ID: ba32191dcb9c25c16c3078285da8a3ef">
      <![CDATA[org.openqa.selenium.ElementClickInterceptedException: element click intercepted: Element <button type="submit" class="submit-btn register-btn">...</button> is not clickable at point (791, 676). Other element would receive the click: <iframe title="recaptcha challenge expires in two minutes" src="https://www.google.com/recaptcha/api2/bframe?hl=en&amp;v=iZWPJyR27lB0cR4hL_xOX0GC&amp;k=6Lfi8nYUAAAAAFABusxKihqLxp3Ms9PoPQ8z6Qlo" name="c-23jo0c16ua7t" frameborder="0" scrolling="no" sandbox="allow-forms allow-popups allow-same-origin allow-scripts allow-top-navigation allow-modals allow-popups-to-escape-sandbox" style="width: 400px; height: 580px;"></iframe>
  (Session info: chrome=114.0.5735.199)
Build info: version: '4.9.1', revision: 'eb2032df7f'
System info: os.name: 'Windows 10', os.arch: 'amd64', os.version: '10.0', java.version: '1.8.0_361'
Driver info: org.openqa.selenium.chrome.ChromeDriver
Command: [ba32191dcb9c25c16c3078285da8a3ef, clickElement {id=D0E80F6B21DB8D6B6EE8C705D0DF8744_element_710}]
Capabilities {acceptInsecureCerts: false, browserName: chrome, browserVersion: 114.0.5735.199, chrome: {chromedriverVersion: 114.0.5735.90 (386bc09e8f4f..., userDataDir: C:\Users\Rashmi\AppData\Loc...}, goog:chromeOptions: {debuggerAddress: localhost:63619}, networkConnectionEnabled: false, pageLoadStrategy: normal, platformName: windows, proxy: Proxy(), se:cdp: ws://localhost:63619/devtoo..., se:cdpVersion: 114.0.5735.199, setWindowRect: true, strictFileInteractability: false, timeouts: {implicit: 0, pageLoad: 300000, script: 30000}, unhandledPromptBehavior: dismiss and notify, webauthn:extension:credBlob: true, webauthn:extension:largeBlob: true, webauthn:extension:minPinLength: true, webauthn:extension:prf: true, webauthn:virtualAuthenticators: true}
Element: [[ChromeDriver: chrome on windows (ba32191dcb9c25c16c3078285da8a3ef)] -> xpath: //button[contains(text(),'Sign in')]]
Session ID: ba32191dcb9c25c16c3078285da8a3ef
at org.openqa.selenium.remote.codec.w3c.W3CHttpResponseCodec.createException(W3CHttpResponseCodec.java:200)
at org.openqa.selenium.remote.codec.w3c.W3CHttpResponseCodec.decode(W3CHttpResponseCodec.java:133)
at org.openqa.selenium.remote.codec.w3c.W3CHttpResponseCodec.decode(W3CHttpResponseCodec.java:53)
at org.openqa.selenium.remote.HttpCommandExecutor.execute(HttpCommandExecutor.java:193)
at org.openqa.selenium.remote.service.DriverCommandExecutor.invokeExecute(DriverCommandExecutor.java:183)
at org.openqa.selenium.remote.service.DriverCommandExecutor.execute(DriverCommandExecutor.java:158)
at org.openqa.selenium.remote.RemoteWebDriver.execute(RemoteWebDriver.java:543)
at org.openqa.selenium.remote.RemoteWebElement.execute(RemoteWebElement.java:257)
at org.openqa.selenium.remote.RemoteWebElement.click(RemoteWebElement.java:78)
at org.openqa.selenium.support.pagefactory.internal.LocatingElementHandler.invoke(LocatingElementHandler.java:52)
at com.sun.proxy.$Proxy29.click(Unknown Source)
at pageobjects.LoginPage.login(LoginPage.java:111)
at testcases.ViewPortfolioListTest.Verify_Listofportfolio(ViewPortfolioListTest.java:70)
at java.util.ArrayList.forEach(Unknown Source)
... Removed 34 stack frames]]>
    </failure>
  </testcase> <!-- Verify_Listofportfolio -->
  <testcase name="verify_InsightReaserchTest" time="0.0" classname="testcases.TopSearchPageTest">
    <ignored/>
  </testcase> <!-- verify_InsightReaserchTest -->
  <testcase name="verifySoftwareRelatedCategoryTest" time="0.0" classname="testcases.FindSoftwareCategoryPage">
    <ignored/>
  </testcase> <!-- verifySoftwareRelatedCategoryTest -->
  <testcase name="@BeforeSuite loadconfig" time="0.0" classname="Base.BaseTest2">
    <ignored/>
  </testcase> <!-- @BeforeSuite loadconfig -->
  <testcase name="@BeforeSuite loadconfig" time="0.0" classname="Base.BaseTest2">
    <ignored/>
  </testcase> <!-- @BeforeSuite loadconfig -->
  <testcase name="@BeforeSuite loadconfig" time="0.0" classname="Base.BaseTest2">
    <ignored/>
  </testcase> <!-- @BeforeSuite loadconfig -->
  <testcase name="@BeforeSuite loadconfig" time="0.0" classname="Base.BaseTest2">
    <ignored/>
  </testcase> <!-- @BeforeSuite loadconfig -->
  <testcase name="@BeforeSuite loadconfig" time="0.0" classname="Base.BaseTest2">
    <ignored/>
  </testcase> <!-- @BeforeSuite loadconfig -->
  <testcase name="@BeforeSuite loadconfig" time="0.0" classname="Base.BaseTest2">
    <ignored/>
  </testcase> <!-- @BeforeSuite loadconfig -->
  <testcase name="@BeforeSuite loadconfig" time="0.0" classname="Base.BaseTest2">
    <ignored/>
  </testcase> <!-- @BeforeSuite loadconfig -->
  <testcase name="verify_validateBlogSearchByViewAllResultTest" time="0.0" classname="testcases.TopSearchPageTest">
    <ignored/>
  </testcase> <!-- verify_validateBlogSearchByViewAllResultTest -->
  <testcase name="verify_BlankTopSearch" time="0.0" classname="testcases.TopSearchPageTest">
    <ignored/>
  </testcase> <!-- verify_BlankTopSearch -->
  <testcase name="verifySoftwarePageTitleTest" time="0.0" classname="testcases.FindSoftwareCategoryPage">
    <ignored/>
  </testcase> <!-- verifySoftwarePageTitleTest -->
  <testcase name="verify_NoResultFoundSerchPopup" time="0.0" classname="testcases.TopSearchPageTest">
    <ignored/>
  </testcase> <!-- verify_NoResultFoundSerchPopup -->
  <testcase name="verify_LoaderdisplaySearch" time="0.0" classname="testcases.TopSearchPageTest">
    <ignored/>
  </testcase> <!-- verify_LoaderdisplaySearch -->
  <testcase name="verify_NegativeTcs" time="0.0" classname="testcases.TopSearchPageTest">
    <ignored/>
  </testcase> <!-- verify_NegativeTcs -->
  <testcase name="verifySORTBySoftwareTest" time="0.0" classname="testcases.FindSoftwareCategoryPage">
    <ignored/>
  </testcase> <!-- verifySORTBySoftwareTest -->
  <testcase name="verify_validateSearchBoxonTop" time="0.0" classname="testcases.TopSearchPageTest">
    <ignored/>
  </testcase> <!-- verify_validateSearchBoxonTop -->
  <testcase name="verify_TopSearch" time="0.0" classname="testcases.TopSearchPageTest">
    <ignored/>
  </testcase> <!-- verify_TopSearch -->
  <testcase name="Verify_Listofportfolioskip" time="0.0" classname="testcases.ViewPortfolioListTest">
    <ignored/>
  </testcase> <!-- Verify_Listofportfolioskip -->
  <testcase name="verify_valiateskipsearch" time="0.0" classname="testcases.TopSearchPageTest">
    <ignored/>
  </testcase> <!-- verify_valiateskipsearch -->
  <testcase name="verify_InvalidTopSearch" time="0.0" classname="testcases.TopSearchPageTest">
    <ignored/>
  </testcase> <!-- verify_InvalidTopSearch -->
  <testcase name="verify_FindSoftwareByFilter" time="0.0" classname="testcases.FindSoftwareCategoryPage">
    <ignored/>
  </testcase> <!-- verify_FindSoftwareByFilter -->
  <testcase name="verify_searchIconPresent" time="0.0" classname="testcases.TopSearchPageTest">
    <ignored/>
  </testcase> <!-- verify_searchIconPresent -->
  <testcase name="verifySoftCategoryPaginationTest" time="0.0" classname="testcases.FindSoftwareCategoryPage">
    <ignored/>
  </testcase> <!-- verifySoftCategoryPaginationTest -->
  <testcase name="verify_brokenlinks1" time="0.0" classname="testcases.BrokenLinksPageTest">
    <ignored/>
  </testcase> <!-- verify_brokenlinks1 -->
  <testcase name="verify_cursorEnabledinsearchbox" time="0.0" classname="testcases.TopSearchPageTest">
    <ignored/>
  </testcase> <!-- verify_cursorEnabledinsearchbox -->
  <testcase name="verify_validateBlogSearch" time="0.0" classname="testcases.TopSearchPageTest">
    <ignored/>
  </testcase> <!-- verify_validateBlogSearch -->
  <testcase name="verify_validateSuggessionSearch" time="0.0" classname="testcases.TopSearchPageTest">
    <ignored/>
  </testcase> <!-- verify_validateSuggessionSearch -->
</testsuite> <!-- SmokeTesting -->
