<?xml version="1.0" encoding="UTF-8"?>
<!-- Generated by org.testng.reporters.JUnitXMLReporter -->
<testsuite hostname="DESKTOP-8SUO2MV" ignored="24" name="ExtendReport of FilterTest" tests="24" failures="3" timestamp="2023-07-19T17:58:00 IST" time="453.322" errors="0">
  <testcase name="verify_BlogPage" time="0.633" classname="testcases.BlogPageTest"/>
  <testcase name="verify_copyrightTest" time="0.087" classname="testcases.VerifyFooterLinksclickTest"/>
  <testcase name="footerlinks_aboutTest" time="27.613" classname="testcases.VerifyFooterLinksclickTest"/>
  <testcase name="verify_ValidloginTest" time="6.763" classname="testcases.LoginPageTest"/>
  <testcase name="Verify_goodfirmsImageTest" time="0.04" classname="testcases.LoginPageTest"/>
  <testcase name="verify_ValidSigninClickTest" time="1.301" classname="testcases.LoginPageTest"/>
  <testcase name="Verify_loginPageTitleTest" time="0.007" classname="testcases.LoginPageTest"/>
  <testcase name="verify_BlankCheckTest" time="5.347" classname="testcases.LoginPageTest">
    <failure type="org.openqa.selenium.ElementClickInterceptedException" message="element click intercepted: Element &amp;lt;button type=&amp;quot;submit&amp;quot; class=&amp;quot;submit-btn register-btn&amp;quot;&amp;gt;...&amp;lt;/button&amp;gt; is not clickable at point (791, 676). Other element would receive the click: &amp;lt;iframe title=&amp;quot;recaptcha challenge expires in two minutes&amp;quot; src=&amp;quot;https://www.google.com/recaptcha/api2/bframe?hl=en&amp;amp;amp;v=iZWPJyR27lB0cR4hL_xOX0GC&amp;amp;amp;k=6Lfi8nYUAAAAAFABusxKihqLxp3Ms9PoPQ8z6Qlo&amp;quot; name=&amp;quot;c-9s15err090x&amp;quot; frameborder=&amp;quot;0&amp;quot; scrolling=&amp;quot;no&amp;quot; sandbox=&amp;quot;allow-forms allow-popups allow-same-origin allow-scripts allow-top-navigation allow-modals allow-popups-to-escape-sandbox&amp;quot; style=&amp;quot;width: 400px; height: 580px;&amp;quot;&amp;gt;&amp;lt;/iframe&amp;gt;
  (Session info: chrome=114.0.5735.199)
Build info: version: &amp;apos;4.9.1&amp;apos;, revision: &amp;apos;eb2032df7f&amp;apos;
System info: os.name: &amp;apos;Windows 10&amp;apos;, os.arch: &amp;apos;amd64&amp;apos;, os.version: &amp;apos;10.0&amp;apos;, java.version: &amp;apos;1.8.0_361&amp;apos;
Driver info: org.openqa.selenium.chrome.ChromeDriver
Command: [396681ef2adcde0b4596369bbbe1373a, clickElement {id=7FB458FD92036780D896A000C8E1C33E_element_61}]
Capabilities {acceptInsecureCerts: false, browserName: chrome, browserVersion: 114.0.5735.199, chrome: {chromedriverVersion: 114.0.5735.90 (386bc09e8f4f..., userDataDir: C:\Users\Rashmi\AppData\Loc...}, goog:chromeOptions: {debuggerAddress: localhost:60418}, networkConnectionEnabled: false, pageLoadStrategy: normal, platformName: windows, proxy: Proxy(), se:cdp: ws://localhost:60418/devtoo..., se:cdpVersion: 114.0.5735.199, setWindowRect: true, strictFileInteractability: false, timeouts: {implicit: 0, pageLoad: 300000, script: 30000}, unhandledPromptBehavior: dismiss and notify, webauthn:extension:credBlob: true, webauthn:extension:largeBlob: true, webauthn:extension:minPinLength: true, webauthn:extension:prf: true, webauthn:virtualAuthenticators: true}
Element: [[ChromeDriver: chrome on windows (396681ef2adcde0b4596369bbbe1373a)] -&amp;gt; xpath: //button[contains(text(),&amp;apos;Sign in&amp;apos;)]]
Session ID: 396681ef2adcde0b4596369bbbe1373a">
      <![CDATA[org.openqa.selenium.ElementClickInterceptedException: element click intercepted: Element <button type="submit" class="submit-btn register-btn">...</button> is not clickable at point (791, 676). Other element would receive the click: <iframe title="recaptcha challenge expires in two minutes" src="https://www.google.com/recaptcha/api2/bframe?hl=en&amp;v=iZWPJyR27lB0cR4hL_xOX0GC&amp;k=6Lfi8nYUAAAAAFABusxKihqLxp3Ms9PoPQ8z6Qlo" name="c-9s15err090x" frameborder="0" scrolling="no" sandbox="allow-forms allow-popups allow-same-origin allow-scripts allow-top-navigation allow-modals allow-popups-to-escape-sandbox" style="width: 400px; height: 580px;"></iframe>
  (Session info: chrome=114.0.5735.199)
Build info: version: '4.9.1', revision: 'eb2032df7f'
System info: os.name: 'Windows 10', os.arch: 'amd64', os.version: '10.0', java.version: '1.8.0_361'
Driver info: org.openqa.selenium.chrome.ChromeDriver
Command: [396681ef2adcde0b4596369bbbe1373a, clickElement {id=7FB458FD92036780D896A000C8E1C33E_element_61}]
Capabilities {acceptInsecureCerts: false, browserName: chrome, browserVersion: 114.0.5735.199, chrome: {chromedriverVersion: 114.0.5735.90 (386bc09e8f4f..., userDataDir: C:\Users\Rashmi\AppData\Loc...}, goog:chromeOptions: {debuggerAddress: localhost:60418}, networkConnectionEnabled: false, pageLoadStrategy: normal, platformName: windows, proxy: Proxy(), se:cdp: ws://localhost:60418/devtoo..., se:cdpVersion: 114.0.5735.199, setWindowRect: true, strictFileInteractability: false, timeouts: {implicit: 0, pageLoad: 300000, script: 30000}, unhandledPromptBehavior: dismiss and notify, webauthn:extension:credBlob: true, webauthn:extension:largeBlob: true, webauthn:extension:minPinLength: true, webauthn:extension:prf: true, webauthn:virtualAuthenticators: true}
Element: [[ChromeDriver: chrome on windows (396681ef2adcde0b4596369bbbe1373a)] -> xpath: //button[contains(text(),'Sign in')]]
Session ID: 396681ef2adcde0b4596369bbbe1373a
at org.openqa.selenium.remote.codec.w3c.W3CHttpResponseCodec.createException(W3CHttpResponseCodec.java:200)
at org.openqa.selenium.remote.codec.w3c.W3CHttpResponseCodec.decode(W3CHttpResponseCodec.java:133)
at org.openqa.selenium.remote.codec.w3c.W3CHttpResponseCodec.decode(W3CHttpResponseCodec.java:53)
at org.openqa.selenium.remote.HttpCommandExecutor.execute(HttpCommandExecutor.java:193)
at org.openqa.selenium.remote.service.DriverCommandExecutor.invokeExecute(DriverCommandExecutor.java:183)
at org.openqa.selenium.remote.service.DriverCommandExecutor.execute(DriverCommandExecutor.java:158)
at org.openqa.selenium.remote.RemoteWebDriver.execute(RemoteWebDriver.java:543)
at org.openqa.selenium.remote.RemoteWebElement.execute(RemoteWebElement.java:257)
at org.openqa.selenium.remote.RemoteWebElement.click(RemoteWebElement.java:78)
at org.openqa.selenium.support.pagefactory.internal.LocatingElementHandler.invoke(LocatingElementHandler.java:52)
at com.sun.proxy.$Proxy33.click(Unknown Source)
at pageobjects.LoginPage.login(LoginPage.java:111)
at testcases.LoginPageTest.verify_BlankCheckTest(LoginPageTest.java:84)
at java.util.ArrayList.forEach(Unknown Source)
... Removed 35 stack frames]]>
    </failure>
  </testcase> <!-- verify_BlankCheckTest -->
  <testcase name="Verify_InvalidloginTest" time="5.683" classname="testcases.LoginPageTest">
    <failure type="org.openqa.selenium.ElementClickInterceptedException" message="element click intercepted: Element &amp;lt;button type=&amp;quot;submit&amp;quot; class=&amp;quot;submit-btn register-btn&amp;quot;&amp;gt;...&amp;lt;/button&amp;gt; is not clickable at point (791, 676). Other element would receive the click: &amp;lt;iframe title=&amp;quot;recaptcha challenge expires in two minutes&amp;quot; src=&amp;quot;https://www.google.com/recaptcha/api2/bframe?hl=en&amp;amp;amp;v=iZWPJyR27lB0cR4hL_xOX0GC&amp;amp;amp;k=6Lfi8nYUAAAAAFABusxKihqLxp3Ms9PoPQ8z6Qlo&amp;quot; name=&amp;quot;c-i5310vq0yrtw&amp;quot; frameborder=&amp;quot;0&amp;quot; scrolling=&amp;quot;no&amp;quot; sandbox=&amp;quot;allow-forms allow-popups allow-same-origin allow-scripts allow-top-navigation allow-modals allow-popups-to-escape-sandbox&amp;quot; style=&amp;quot;width: 400px; height: 580px;&amp;quot;&amp;gt;&amp;lt;/iframe&amp;gt;
  (Session info: chrome=114.0.5735.199)
Build info: version: &amp;apos;4.9.1&amp;apos;, revision: &amp;apos;eb2032df7f&amp;apos;
System info: os.name: &amp;apos;Windows 10&amp;apos;, os.arch: &amp;apos;amd64&amp;apos;, os.version: &amp;apos;10.0&amp;apos;, java.version: &amp;apos;1.8.0_361&amp;apos;
Driver info: org.openqa.selenium.chrome.ChromeDriver
Command: [3715ee94077536f9a6c0d8565d060361, clickElement {id=D664CE5618D0E779157CEE05B1C3EBBD_element_60}]
Capabilities {acceptInsecureCerts: false, browserName: chrome, browserVersion: 114.0.5735.199, chrome: {chromedriverVersion: 114.0.5735.90 (386bc09e8f4f..., userDataDir: C:\Users\Rashmi\AppData\Loc...}, goog:chromeOptions: {debuggerAddress: localhost:60460}, networkConnectionEnabled: false, pageLoadStrategy: normal, platformName: windows, proxy: Proxy(), se:cdp: ws://localhost:60460/devtoo..., se:cdpVersion: 114.0.5735.199, setWindowRect: true, strictFileInteractability: false, timeouts: {implicit: 0, pageLoad: 300000, script: 30000}, unhandledPromptBehavior: dismiss and notify, webauthn:extension:credBlob: true, webauthn:extension:largeBlob: true, webauthn:extension:minPinLength: true, webauthn:extension:prf: true, webauthn:virtualAuthenticators: true}
Element: [[ChromeDriver: chrome on windows (3715ee94077536f9a6c0d8565d060361)] -&amp;gt; xpath: //button[contains(text(),&amp;apos;Sign in&amp;apos;)]]
Session ID: 3715ee94077536f9a6c0d8565d060361">
      <![CDATA[org.openqa.selenium.ElementClickInterceptedException: element click intercepted: Element <button type="submit" class="submit-btn register-btn">...</button> is not clickable at point (791, 676). Other element would receive the click: <iframe title="recaptcha challenge expires in two minutes" src="https://www.google.com/recaptcha/api2/bframe?hl=en&amp;v=iZWPJyR27lB0cR4hL_xOX0GC&amp;k=6Lfi8nYUAAAAAFABusxKihqLxp3Ms9PoPQ8z6Qlo" name="c-i5310vq0yrtw" frameborder="0" scrolling="no" sandbox="allow-forms allow-popups allow-same-origin allow-scripts allow-top-navigation allow-modals allow-popups-to-escape-sandbox" style="width: 400px; height: 580px;"></iframe>
  (Session info: chrome=114.0.5735.199)
Build info: version: '4.9.1', revision: 'eb2032df7f'
System info: os.name: 'Windows 10', os.arch: 'amd64', os.version: '10.0', java.version: '1.8.0_361'
Driver info: org.openqa.selenium.chrome.ChromeDriver
Command: [3715ee94077536f9a6c0d8565d060361, clickElement {id=D664CE5618D0E779157CEE05B1C3EBBD_element_60}]
Capabilities {acceptInsecureCerts: false, browserName: chrome, browserVersion: 114.0.5735.199, chrome: {chromedriverVersion: 114.0.5735.90 (386bc09e8f4f..., userDataDir: C:\Users\Rashmi\AppData\Loc...}, goog:chromeOptions: {debuggerAddress: localhost:60460}, networkConnectionEnabled: false, pageLoadStrategy: normal, platformName: windows, proxy: Proxy(), se:cdp: ws://localhost:60460/devtoo..., se:cdpVersion: 114.0.5735.199, setWindowRect: true, strictFileInteractability: false, timeouts: {implicit: 0, pageLoad: 300000, script: 30000}, unhandledPromptBehavior: dismiss and notify, webauthn:extension:credBlob: true, webauthn:extension:largeBlob: true, webauthn:extension:minPinLength: true, webauthn:extension:prf: true, webauthn:virtualAuthenticators: true}
Element: [[ChromeDriver: chrome on windows (3715ee94077536f9a6c0d8565d060361)] -> xpath: //button[contains(text(),'Sign in')]]
Session ID: 3715ee94077536f9a6c0d8565d060361
at org.openqa.selenium.remote.codec.w3c.W3CHttpResponseCodec.createException(W3CHttpResponseCodec.java:200)
at org.openqa.selenium.remote.codec.w3c.W3CHttpResponseCodec.decode(W3CHttpResponseCodec.java:133)
at org.openqa.selenium.remote.codec.w3c.W3CHttpResponseCodec.decode(W3CHttpResponseCodec.java:53)
at org.openqa.selenium.remote.HttpCommandExecutor.execute(HttpCommandExecutor.java:193)
at org.openqa.selenium.remote.service.DriverCommandExecutor.invokeExecute(DriverCommandExecutor.java:183)
at org.openqa.selenium.remote.service.DriverCommandExecutor.execute(DriverCommandExecutor.java:158)
at org.openqa.selenium.remote.RemoteWebDriver.execute(RemoteWebDriver.java:543)
at org.openqa.selenium.remote.RemoteWebElement.execute(RemoteWebElement.java:257)
at org.openqa.selenium.remote.RemoteWebElement.click(RemoteWebElement.java:78)
at org.openqa.selenium.support.pagefactory.internal.LocatingElementHandler.invoke(LocatingElementHandler.java:52)
at com.sun.proxy.$Proxy33.click(Unknown Source)
at pageobjects.LoginPage.login(LoginPage.java:111)
at testcases.LoginPageTest.Verify_InvalidloginTest(LoginPageTest.java:75)
at java.util.ArrayList.forEach(Unknown Source)
... Removed 35 stack frames]]>
    </failure>
  </testcase> <!-- Verify_InvalidloginTest -->
  <testcase name="verify_servicemenu" time="5.184" classname="testcases.ServiceMenuPageTest"/>
  <testcase name="Verify_Listofportfolio" time="5.003" classname="testcases.ViewVendorPortfolioListTest">
    <failure type="org.openqa.selenium.ElementClickInterceptedException" message="element click intercepted: Element &amp;lt;button type=&amp;quot;submit&amp;quot; class=&amp;quot;submit-btn register-btn&amp;quot;&amp;gt;...&amp;lt;/button&amp;gt; is not clickable at point (791, 676). Other element would receive the click: &amp;lt;iframe title=&amp;quot;recaptcha challenge expires in two minutes&amp;quot; src=&amp;quot;https://www.google.com/recaptcha/api2/bframe?hl=en&amp;amp;amp;v=iZWPJyR27lB0cR4hL_xOX0GC&amp;amp;amp;k=6Lfi8nYUAAAAAFABusxKihqLxp3Ms9PoPQ8z6Qlo&amp;quot; name=&amp;quot;c-ul6aw6n97nxh&amp;quot; frameborder=&amp;quot;0&amp;quot; scrolling=&amp;quot;no&amp;quot; sandbox=&amp;quot;allow-forms allow-popups allow-same-origin allow-scripts allow-top-navigation allow-modals allow-popups-to-escape-sandbox&amp;quot; style=&amp;quot;width: 400px; height: 580px;&amp;quot;&amp;gt;&amp;lt;/iframe&amp;gt;
  (Session info: chrome=114.0.5735.199)
Build info: version: &amp;apos;4.9.1&amp;apos;, revision: &amp;apos;eb2032df7f&amp;apos;
System info: os.name: &amp;apos;Windows 10&amp;apos;, os.arch: &amp;apos;amd64&amp;apos;, os.version: &amp;apos;10.0&amp;apos;, java.version: &amp;apos;1.8.0_361&amp;apos;
Driver info: org.openqa.selenium.chrome.ChromeDriver
Command: [2659a259f89a0ea5a725e66f3d45e390, clickElement {id=FAAAD5C15680BA35D24FCF85C7C1B887_element_61}]
Capabilities {acceptInsecureCerts: false, browserName: chrome, browserVersion: 114.0.5735.199, chrome: {chromedriverVersion: 114.0.5735.90 (386bc09e8f4f..., userDataDir: C:\Users\Rashmi\AppData\Loc...}, goog:chromeOptions: {debuggerAddress: localhost:60529}, networkConnectionEnabled: false, pageLoadStrategy: normal, platformName: windows, proxy: Proxy(), se:cdp: ws://localhost:60529/devtoo..., se:cdpVersion: 114.0.5735.199, setWindowRect: true, strictFileInteractability: false, timeouts: {implicit: 0, pageLoad: 300000, script: 30000}, unhandledPromptBehavior: dismiss and notify, webauthn:extension:credBlob: true, webauthn:extension:largeBlob: true, webauthn:extension:minPinLength: true, webauthn:extension:prf: true, webauthn:virtualAuthenticators: true}
Element: [[ChromeDriver: chrome on windows (2659a259f89a0ea5a725e66f3d45e390)] -&amp;gt; xpath: //button[contains(text(),&amp;apos;Sign in&amp;apos;)]]
Session ID: 2659a259f89a0ea5a725e66f3d45e390">
      <![CDATA[org.openqa.selenium.ElementClickInterceptedException: element click intercepted: Element <button type="submit" class="submit-btn register-btn">...</button> is not clickable at point (791, 676). Other element would receive the click: <iframe title="recaptcha challenge expires in two minutes" src="https://www.google.com/recaptcha/api2/bframe?hl=en&amp;v=iZWPJyR27lB0cR4hL_xOX0GC&amp;k=6Lfi8nYUAAAAAFABusxKihqLxp3Ms9PoPQ8z6Qlo" name="c-ul6aw6n97nxh" frameborder="0" scrolling="no" sandbox="allow-forms allow-popups allow-same-origin allow-scripts allow-top-navigation allow-modals allow-popups-to-escape-sandbox" style="width: 400px; height: 580px;"></iframe>
  (Session info: chrome=114.0.5735.199)
Build info: version: '4.9.1', revision: 'eb2032df7f'
System info: os.name: 'Windows 10', os.arch: 'amd64', os.version: '10.0', java.version: '1.8.0_361'
Driver info: org.openqa.selenium.chrome.ChromeDriver
Command: [2659a259f89a0ea5a725e66f3d45e390, clickElement {id=FAAAD5C15680BA35D24FCF85C7C1B887_element_61}]
Capabilities {acceptInsecureCerts: false, browserName: chrome, browserVersion: 114.0.5735.199, chrome: {chromedriverVersion: 114.0.5735.90 (386bc09e8f4f..., userDataDir: C:\Users\Rashmi\AppData\Loc...}, goog:chromeOptions: {debuggerAddress: localhost:60529}, networkConnectionEnabled: false, pageLoadStrategy: normal, platformName: windows, proxy: Proxy(), se:cdp: ws://localhost:60529/devtoo..., se:cdpVersion: 114.0.5735.199, setWindowRect: true, strictFileInteractability: false, timeouts: {implicit: 0, pageLoad: 300000, script: 30000}, unhandledPromptBehavior: dismiss and notify, webauthn:extension:credBlob: true, webauthn:extension:largeBlob: true, webauthn:extension:minPinLength: true, webauthn:extension:prf: true, webauthn:virtualAuthenticators: true}
Element: [[ChromeDriver: chrome on windows (2659a259f89a0ea5a725e66f3d45e390)] -> xpath: //button[contains(text(),'Sign in')]]
Session ID: 2659a259f89a0ea5a725e66f3d45e390
at org.openqa.selenium.remote.codec.w3c.W3CHttpResponseCodec.createException(W3CHttpResponseCodec.java:200)
at org.openqa.selenium.remote.codec.w3c.W3CHttpResponseCodec.decode(W3CHttpResponseCodec.java:133)
at org.openqa.selenium.remote.codec.w3c.W3CHttpResponseCodec.decode(W3CHttpResponseCodec.java:53)
at org.openqa.selenium.remote.HttpCommandExecutor.execute(HttpCommandExecutor.java:193)
at org.openqa.selenium.remote.service.DriverCommandExecutor.invokeExecute(DriverCommandExecutor.java:183)
at org.openqa.selenium.remote.service.DriverCommandExecutor.execute(DriverCommandExecutor.java:158)
at org.openqa.selenium.remote.RemoteWebDriver.execute(RemoteWebDriver.java:543)
at org.openqa.selenium.remote.RemoteWebElement.execute(RemoteWebElement.java:257)
at org.openqa.selenium.remote.RemoteWebElement.click(RemoteWebElement.java:78)
at org.openqa.selenium.support.pagefactory.internal.LocatingElementHandler.invoke(LocatingElementHandler.java:52)
at com.sun.proxy.$Proxy33.click(Unknown Source)
at pageobjects.LoginPage.login(LoginPage.java:111)
at testcases.ViewVendorPortfolioListTest.Verify_Listofportfolio(ViewVendorPortfolioListTest.java:70)
at java.util.ArrayList.forEach(Unknown Source)
... Removed 35 stack frames]]>
    </failure>
  </testcase> <!-- Verify_Listofportfolio -->
  <testcase name="verify_FindSoftwareMenuTest" time="5.283" classname="testcases.FindSoftwareCategoryPage"/>
  <testcase name="validate_SoftwarePageTitleTest" time="1.184" classname="testcases.FindSoftwareCategoryPage"/>
  <testcase name="verify_SORTBy_SoftwareTest" time="9.238" classname="testcases.FindSoftwareCategoryPage"/>
  <testcase name="verify_SoftwareCategory_PaginationTest" time="16.495" classname="testcases.FindSoftwareCategoryPage"/>
  <testcase name="verify_SoftwareRelatedCategoryTest" time="20.953" classname="testcases.FindSoftwareCategoryPage"/>
  <testcase name="verify_FindSoftwareByFilter" time="114.208" classname="testcases.FindSoftwareCategoryPage"/>
  <testcase name="verify_FilterByPopularFeaturescheck" time="5.856" classname="testcases.FindSoftwareCategoryPage"/>
  <testcase name="verify_FilterByPriceModelSelection" time="20.034" classname="testcases.FindSoftwareCategoryPage"/>
  <testcase name="verify_FilterByDevicesupportselection" time="26.659" classname="testcases.FindSoftwareCategoryPage"/>
  <testcase name="verify_FilterByDeploymentselection" time="30.861" classname="testcases.FindSoftwareCategoryPage"/>
  <testcase name="verify_FilterByTargetcompanysizeselection" time="26.048" classname="testcases.FindSoftwareCategoryPage"/>
  <testcase name="verify_FilterByExtra_selectCheckbox" time="5.604" classname="testcases.FindSoftwareCategoryPage"/>
  <testcase name="verify_validateSearchBymultilingualService_Lanaguage" time="25.296" classname="testcases.TopSearchPageTest"/>
  <testcase name="verify_IndexPageTitleTest" time="0.0" classname="testcases.IndexPageTest">
    <ignored/>
  </testcase> <!-- verify_IndexPageTitleTest -->
  <testcase name="verify_searchIconPresent" time="0.0" classname="testcases.TopSearchPageTest">
    <ignored/>
  </testcase> <!-- verify_searchIconPresent -->
  <testcase name="verify_InsightReaserchTest" time="0.0" classname="testcases.TopSearchPageTest">
    <ignored/>
  </testcase> <!-- verify_InsightReaserchTest -->
  <testcase name="@BeforeSuite loadconfig" time="0.0" classname="Base.BaseTest2">
    <ignored/>
  </testcase> <!-- @BeforeSuite loadconfig -->
  <testcase name="@BeforeSuite loadconfig" time="0.0" classname="Base.BaseTest2">
    <ignored/>
  </testcase> <!-- @BeforeSuite loadconfig -->
  <testcase name="@BeforeSuite loadconfig" time="0.0" classname="Base.BaseTest2">
    <ignored/>
  </testcase> <!-- @BeforeSuite loadconfig -->
  <testcase name="@BeforeSuite loadconfig" time="0.0" classname="Base.BaseTest2">
    <ignored/>
  </testcase> <!-- @BeforeSuite loadconfig -->
  <testcase name="@BeforeSuite loadconfig" time="0.0" classname="Base.BaseTest2">
    <ignored/>
  </testcase> <!-- @BeforeSuite loadconfig -->
  <testcase name="@BeforeSuite loadconfig" time="0.0" classname="Base.BaseTest2">
    <ignored/>
  </testcase> <!-- @BeforeSuite loadconfig -->
  <testcase name="@BeforeSuite loadconfig" time="0.0" classname="Base.BaseTest2">
    <ignored/>
  </testcase> <!-- @BeforeSuite loadconfig -->
  <testcase name="verify_validateBlogSearchByViewAllResultTest" time="0.0" classname="testcases.TopSearchPageTest">
    <ignored/>
  </testcase> <!-- verify_validateBlogSearchByViewAllResultTest -->
  <testcase name="verify_BlankTopSearch" time="0.0" classname="testcases.TopSearchPageTest">
    <ignored/>
  </testcase> <!-- verify_BlankTopSearch -->
  <testcase name="verify_cursorEnabledinsearchbox" time="0.0" classname="testcases.TopSearchPageTest">
    <ignored/>
  </testcase> <!-- verify_cursorEnabledinsearchbox -->
  <testcase name="verify_NoResultFoundSerchPopup" time="0.0" classname="testcases.TopSearchPageTest">
    <ignored/>
  </testcase> <!-- verify_NoResultFoundSerchPopup -->
  <testcase name="verify_GoodfirmsImageTest" time="0.0" classname="testcases.IndexPageTest">
    <ignored/>
  </testcase> <!-- verify_GoodfirmsImageTest -->
  <testcase name="verify_LoaderdisplaySearch" time="0.0" classname="testcases.TopSearchPageTest">
    <ignored/>
  </testcase> <!-- verify_LoaderdisplaySearch -->
  <testcase name="verify_NegativeTcs" time="0.0" classname="testcases.TopSearchPageTest">
    <ignored/>
  </testcase> <!-- verify_NegativeTcs -->
  <testcase name="verify_validateSearchBoxonTop" time="0.0" classname="testcases.TopSearchPageTest">
    <ignored/>
  </testcase> <!-- verify_validateSearchBoxonTop -->
  <testcase name="verify_validateBlogSearch" time="0.0" classname="testcases.TopSearchPageTest">
    <ignored/>
  </testcase> <!-- verify_validateBlogSearch -->
  <testcase name="verify_TopSearch" time="0.0" classname="testcases.TopSearchPageTest">
    <ignored/>
  </testcase> <!-- verify_TopSearch -->
  <testcase name="verify_valiateskipsearch" time="0.0" classname="testcases.TopSearchPageTest">
    <ignored/>
  </testcase> <!-- verify_valiateskipsearch -->
  <testcase name="verify_validateSuggessionSearch" time="0.0" classname="testcases.TopSearchPageTest">
    <ignored/>
  </testcase> <!-- verify_validateSuggessionSearch -->
  <testcase name="Verify_Listofportfolioskip" time="0.0" classname="testcases.ViewVendorPortfolioListTest">
    <ignored/>
  </testcase> <!-- Verify_Listofportfolioskip -->
  <testcase name="verify_InvalidTopSearch" time="0.0" classname="testcases.TopSearchPageTest">
    <ignored/>
  </testcase> <!-- verify_InvalidTopSearch -->
</testsuite> <!-- ExtendReport of FilterTest -->
