<html>
<head>
<title>TestNG:  ExtendReport of FilterTest</title>
<link href="../testng.css" rel="stylesheet" type="text/css" />
<link href="../my-testng.css" rel="stylesheet" type="text/css" />

<style type="text/css">
.log { display: none;} 
.stack-trace { display: none;} 
</style>
<script type="text/javascript">
<!--
function flip(e) {
  current = e.style.display;
  if (current == 'block') {
    e.style.display = 'none';
    return 0;
  }
  else {
    e.style.display = 'block';
    return 1;
  }
}

function toggleBox(szDivId, elem, msg1, msg2)
{
  var res = -1;  if (document.getElementById) {
    res = flip(document.getElementById(szDivId));
  }
  else if (document.all) {
    // this is the way old msie versions work
    res = flip(document.all[szDivId]);
  }
  if(elem) {
    if(res == 0) elem.innerHTML = msg1; else elem.innerHTML = msg2;
  }

}

function toggleAllBoxes() {
  if (document.getElementsByTagName) {
    d = document.getElementsByTagName('div');
    for (i = 0; i < d.length; i++) {
      if (d[i].className == 'log') {
        flip(d[i]);
      }
    }
  }
}

// -->
</script>

</head>
<body>
<h2 align='center'>ExtendReport of FilterTest</h2><table border='1' align="center">
<tr>
<td>Tests passed/Failed/Skipped:</td><td>21/3/0</td>
</tr><tr>
<td>Started on:</td><td>Wed Jul 19 17:50:27 IST 2023</td>
</tr>
<tr><td>Total time:</td><td>453 seconds (453322 ms)</td>
</tr><tr>
<td>Included groups:</td><td></td>
</tr><tr>
<td>Excluded groups:</td><td></td>
</tr>
</table><p/>
<small><i>(Hover the method name to see the test class name)</i></small><p/>
<table width='100%' border='1' class='invocation-failed'>
<tr><td colspan='4' align='center'><b>FAILED TESTS</b></td></tr>
<tr><td><b>Test method</b></td>
<td width="30%"><b>Exception</b></td>
<td width="10%"><b>Time (seconds)</b></td>
<td><b>Instance</b></td>
</tr>
<tr>
<td title='testcases.LoginPageTest.verify_BlankCheckTest()'><b>verify_BlankCheckTest</b><br>Test class: testcases.LoginPageTest</td>
<td><div><pre>org.openqa.selenium.ElementClickInterceptedException: element click intercepted: Element &lt;button type=&quot;submit&quot; class=&quot;submit-btn register-btn&quot;&gt;...&lt;/button&gt; is not clickable at point (791, 676). Other element would receive the click: &lt;iframe title=&quot;recaptcha challenge expires in two minutes&quot; src=&quot;https://www.google.com/recaptcha/api2/bframe?hl=en&amp;amp;v=iZWPJyR27lB0cR4hL_xOX0GC&amp;amp;k=6Lfi8nYUAAAAAFABusxKihqLxp3Ms9PoPQ8z6Qlo&quot; name=&quot;c-9s15err090x&quot; frameborder=&quot;0&quot; scrolling=&quot;no&quot; sandbox=&quot;allow-forms allow-popups allow-same-origin allow-scripts allow-top-navigation allow-modals allow-popups-to-escape-sandbox&quot; style=&quot;width: 400px; height: 580px;&quot;&gt;&lt;/iframe&gt;
  (Session info: chrome=114.0.5735.199)
Build info: version: &apos;4.9.1&apos;, revision: &apos;eb2032df7f&apos;
System info: os.name: &apos;Windows 10&apos;, os.arch: &apos;amd64&apos;, os.version: &apos;10.0&apos;, java.version: &apos;1.8.0_361&apos;
Driver info: org.openqa.selenium.chrome.ChromeDriver
Command: [396681ef2adcde0b4596369bbbe1373a, clickElement {id=7FB458FD92036780D896A000C8E1C33E_element_61}]
Capabilities {acceptInsecureCerts: false, browserName: chrome, browserVersion: 114.0.5735.199, chrome: {chromedriverVersion: 114.0.5735.90 (386bc09e8f4f..., userDataDir: C:\Users\Rashmi\AppData\Loc...}, goog:chromeOptions: {debuggerAddress: localhost:60418}, networkConnectionEnabled: false, pageLoadStrategy: normal, platformName: windows, proxy: Proxy(), se:cdp: ws://localhost:60418/devtoo..., se:cdpVersion: 114.0.5735.199, setWindowRect: true, strictFileInteractability: false, timeouts: {implicit: 0, pageLoad: 300000, script: 30000}, unhandledPromptBehavior: dismiss and notify, webauthn:extension:credBlob: true, webauthn:extension:largeBlob: true, webauthn:extension:minPinLength: true, webauthn:extension:prf: true, webauthn:virtualAuthenticators: true}
Element: [[ChromeDriver: chrome on windows (396681ef2adcde0b4596369bbbe1373a)] -&gt; xpath: //button[contains(text(),&apos;Sign in&apos;)]]
Session ID: 396681ef2adcde0b4596369bbbe1373a
	at org.openqa.selenium.remote.codec.w3c.W3CHttpResponseCodec.createException(W3CHttpResponseCodec.java:200)
	at org.openqa.selenium.remote.codec.w3c.W3CHttpResponseCodec.decode(W3CHttpResponseCodec.java:133)
	at org.openqa.selenium.remote.codec.w3c.W3CHttpResponseCodec.decode(W3CHttpResponseCodec.java:53)
	at org.openqa.selenium.remote.HttpCommandExecutor.execute(HttpCommandExecutor.java:193)
	at org.openqa.selenium.remote.service.DriverCommandExecutor.invokeExecute(DriverCommandExecutor.java:183)
	at org.openqa.selenium.remote.service.DriverCommandExecutor.execute(DriverCommandExecutor.java:158)
	at org.openqa.selenium.remote.RemoteWebDriver.execute(RemoteWebDriver.java:543)
	at org.openqa.selenium.remote.RemoteWebElement.execute(RemoteWebElement.java:257)
	at org.openqa.selenium.remote.RemoteWebElement.click(RemoteWebElement.java:78)
	at org.openqa.selenium.support.pagefactory.internal.LocatingElementHandler.invoke(LocatingElementHandler.java:52)
	at com.sun.proxy.$Proxy33.click(Unknown Source)
	at pageobjects.LoginPage.login(LoginPage.java:111)
	at testcases.LoginPageTest.verify_BlankCheckTest(LoginPageTest.java:84)
	at java.util.ArrayList.forEach(Unknown Source)
... Removed 35 stack frames</pre></div><a href='#' onClick='toggleBox("stack-trace592238700", this, "Click to show all stack frames", "Click to hide stack frames")'>Click to show all stack frames</a>
<div class='stack-trace' id='stack-trace592238700'><pre>org.openqa.selenium.ElementClickInterceptedException: element click intercepted: Element &lt;button type=&quot;submit&quot; class=&quot;submit-btn register-btn&quot;&gt;...&lt;/button&gt; is not clickable at point (791, 676). Other element would receive the click: &lt;iframe title=&quot;recaptcha challenge expires in two minutes&quot; src=&quot;https://www.google.com/recaptcha/api2/bframe?hl=en&amp;amp;v=iZWPJyR27lB0cR4hL_xOX0GC&amp;amp;k=6Lfi8nYUAAAAAFABusxKihqLxp3Ms9PoPQ8z6Qlo&quot; name=&quot;c-9s15err090x&quot; frameborder=&quot;0&quot; scrolling=&quot;no&quot; sandbox=&quot;allow-forms allow-popups allow-same-origin allow-scripts allow-top-navigation allow-modals allow-popups-to-escape-sandbox&quot; style=&quot;width: 400px; height: 580px;&quot;&gt;&lt;/iframe&gt;
  (Session info: chrome=114.0.5735.199)
Build info: version: &apos;4.9.1&apos;, revision: &apos;eb2032df7f&apos;
System info: os.name: &apos;Windows 10&apos;, os.arch: &apos;amd64&apos;, os.version: &apos;10.0&apos;, java.version: &apos;1.8.0_361&apos;
Driver info: org.openqa.selenium.chrome.ChromeDriver
Command: [396681ef2adcde0b4596369bbbe1373a, clickElement {id=7FB458FD92036780D896A000C8E1C33E_element_61}]
Capabilities {acceptInsecureCerts: false, browserName: chrome, browserVersion: 114.0.5735.199, chrome: {chromedriverVersion: 114.0.5735.90 (386bc09e8f4f..., userDataDir: C:\Users\Rashmi\AppData\Loc...}, goog:chromeOptions: {debuggerAddress: localhost:60418}, networkConnectionEnabled: false, pageLoadStrategy: normal, platformName: windows, proxy: Proxy(), se:cdp: ws://localhost:60418/devtoo..., se:cdpVersion: 114.0.5735.199, setWindowRect: true, strictFileInteractability: false, timeouts: {implicit: 0, pageLoad: 300000, script: 30000}, unhandledPromptBehavior: dismiss and notify, webauthn:extension:credBlob: true, webauthn:extension:largeBlob: true, webauthn:extension:minPinLength: true, webauthn:extension:prf: true, webauthn:virtualAuthenticators: true}
Element: [[ChromeDriver: chrome on windows (396681ef2adcde0b4596369bbbe1373a)] -&gt; xpath: //button[contains(text(),&apos;Sign in&apos;)]]
Session ID: 396681ef2adcde0b4596369bbbe1373a
	at sun.reflect.NativeConstructorAccessorImpl.newInstance0(Native Method)
	at sun.reflect.NativeConstructorAccessorImpl.newInstance(Unknown Source)
	at sun.reflect.DelegatingConstructorAccessorImpl.newInstance(Unknown Source)
	at java.lang.reflect.Constructor.newInstance(Unknown Source)
	at org.openqa.selenium.remote.codec.w3c.W3CHttpResponseCodec.createException(W3CHttpResponseCodec.java:200)
	at org.openqa.selenium.remote.codec.w3c.W3CHttpResponseCodec.decode(W3CHttpResponseCodec.java:133)
	at org.openqa.selenium.remote.codec.w3c.W3CHttpResponseCodec.decode(W3CHttpResponseCodec.java:53)
	at org.openqa.selenium.remote.HttpCommandExecutor.execute(HttpCommandExecutor.java:193)
	at org.openqa.selenium.remote.service.DriverCommandExecutor.invokeExecute(DriverCommandExecutor.java:183)
	at org.openqa.selenium.remote.service.DriverCommandExecutor.execute(DriverCommandExecutor.java:158)
	at org.openqa.selenium.remote.RemoteWebDriver.execute(RemoteWebDriver.java:543)
	at org.openqa.selenium.remote.RemoteWebElement.execute(RemoteWebElement.java:257)
	at org.openqa.selenium.remote.RemoteWebElement.click(RemoteWebElement.java:78)
	at sun.reflect.NativeMethodAccessorImpl.invoke0(Native Method)
	at sun.reflect.NativeMethodAccessorImpl.invoke(Unknown Source)
	at sun.reflect.DelegatingMethodAccessorImpl.invoke(Unknown Source)
	at java.lang.reflect.Method.invoke(Unknown Source)
	at org.openqa.selenium.support.pagefactory.internal.LocatingElementHandler.invoke(LocatingElementHandler.java:52)
	at com.sun.proxy.$Proxy33.click(Unknown Source)
	at pageobjects.LoginPage.login(LoginPage.java:111)
	at testcases.LoginPageTest.verify_BlankCheckTest(LoginPageTest.java:84)
	at sun.reflect.NativeMethodAccessorImpl.invoke0(Native Method)
	at sun.reflect.NativeMethodAccessorImpl.invoke(Unknown Source)
	at sun.reflect.DelegatingMethodAccessorImpl.invoke(Unknown Source)
	at java.lang.reflect.Method.invoke(Unknown Source)
	at org.testng.internal.MethodInvocationHelper.invokeMethod(MethodInvocationHelper.java:133)
	at org.testng.internal.TestInvoker.invokeMethod(TestInvoker.java:598)
	at org.testng.internal.TestInvoker.invokeTestMethod(TestInvoker.java:173)
	at org.testng.internal.MethodRunner.runInSequence(MethodRunner.java:46)
	at org.testng.internal.TestInvoker$MethodInvocationAgent.invoke(TestInvoker.java:824)
	at org.testng.internal.TestInvoker.invokeTestMethods(TestInvoker.java:146)
	at org.testng.internal.TestMethodWorker.invokeTestMethods(TestMethodWorker.java:146)
	at org.testng.internal.TestMethodWorker.run(TestMethodWorker.java:128)
	at java.util.ArrayList.forEach(Unknown Source)
	at org.testng.TestRunner.privateRun(TestRunner.java:794)
	at org.testng.TestRunner.run(TestRunner.java:596)
	at org.testng.SuiteRunner.runTest(SuiteRunner.java:377)
	at org.testng.SuiteRunner.runSequentially(SuiteRunner.java:371)
	at org.testng.SuiteRunner.privateRun(SuiteRunner.java:332)
	at org.testng.SuiteRunner.run(SuiteRunner.java:276)
	at org.testng.SuiteRunnerWorker.runSuite(SuiteRunnerWorker.java:53)
	at org.testng.SuiteRunnerWorker.run(SuiteRunnerWorker.java:96)
	at org.testng.TestNG.runSuitesSequentially(TestNG.java:1212)
	at org.testng.TestNG.runSuitesLocally(TestNG.java:1134)
	at org.testng.TestNG.runSuites(TestNG.java:1063)
	at org.testng.TestNG.run(TestNG.java:1031)
	at org.testng.remote.AbstractRemoteTestNG.run(AbstractRemoteTestNG.java:115)
	at org.testng.remote.RemoteTestNG.initAndRun(RemoteTestNG.java:251)
	at org.testng.remote.RemoteTestNG.main(RemoteTestNG.java:77)
</pre></div></td>
<td>5</td>
<td>testcases.LoginPageTest@5965d37</td></tr>
<tr>
<td title='testcases.ViewVendorPortfolioListTest.Verify_Listofportfolio()'><b>Verify_Listofportfolio</b><br>Test class: testcases.ViewVendorPortfolioListTest</td>
<td><div><pre>org.openqa.selenium.ElementClickInterceptedException: element click intercepted: Element &lt;button type=&quot;submit&quot; class=&quot;submit-btn register-btn&quot;&gt;...&lt;/button&gt; is not clickable at point (791, 676). Other element would receive the click: &lt;iframe title=&quot;recaptcha challenge expires in two minutes&quot; src=&quot;https://www.google.com/recaptcha/api2/bframe?hl=en&amp;amp;v=iZWPJyR27lB0cR4hL_xOX0GC&amp;amp;k=6Lfi8nYUAAAAAFABusxKihqLxp3Ms9PoPQ8z6Qlo&quot; name=&quot;c-ul6aw6n97nxh&quot; frameborder=&quot;0&quot; scrolling=&quot;no&quot; sandbox=&quot;allow-forms allow-popups allow-same-origin allow-scripts allow-top-navigation allow-modals allow-popups-to-escape-sandbox&quot; style=&quot;width: 400px; height: 580px;&quot;&gt;&lt;/iframe&gt;
  (Session info: chrome=114.0.5735.199)
Build info: version: &apos;4.9.1&apos;, revision: &apos;eb2032df7f&apos;
System info: os.name: &apos;Windows 10&apos;, os.arch: &apos;amd64&apos;, os.version: &apos;10.0&apos;, java.version: &apos;1.8.0_361&apos;
Driver info: org.openqa.selenium.chrome.ChromeDriver
Command: [2659a259f89a0ea5a725e66f3d45e390, clickElement {id=FAAAD5C15680BA35D24FCF85C7C1B887_element_61}]
Capabilities {acceptInsecureCerts: false, browserName: chrome, browserVersion: 114.0.5735.199, chrome: {chromedriverVersion: 114.0.5735.90 (386bc09e8f4f..., userDataDir: C:\Users\Rashmi\AppData\Loc...}, goog:chromeOptions: {debuggerAddress: localhost:60529}, networkConnectionEnabled: false, pageLoadStrategy: normal, platformName: windows, proxy: Proxy(), se:cdp: ws://localhost:60529/devtoo..., se:cdpVersion: 114.0.5735.199, setWindowRect: true, strictFileInteractability: false, timeouts: {implicit: 0, pageLoad: 300000, script: 30000}, unhandledPromptBehavior: dismiss and notify, webauthn:extension:credBlob: true, webauthn:extension:largeBlob: true, webauthn:extension:minPinLength: true, webauthn:extension:prf: true, webauthn:virtualAuthenticators: true}
Element: [[ChromeDriver: chrome on windows (2659a259f89a0ea5a725e66f3d45e390)] -&gt; xpath: //button[contains(text(),&apos;Sign in&apos;)]]
Session ID: 2659a259f89a0ea5a725e66f3d45e390
	at org.openqa.selenium.remote.codec.w3c.W3CHttpResponseCodec.createException(W3CHttpResponseCodec.java:200)
	at org.openqa.selenium.remote.codec.w3c.W3CHttpResponseCodec.decode(W3CHttpResponseCodec.java:133)
	at org.openqa.selenium.remote.codec.w3c.W3CHttpResponseCodec.decode(W3CHttpResponseCodec.java:53)
	at org.openqa.selenium.remote.HttpCommandExecutor.execute(HttpCommandExecutor.java:193)
	at org.openqa.selenium.remote.service.DriverCommandExecutor.invokeExecute(DriverCommandExecutor.java:183)
	at org.openqa.selenium.remote.service.DriverCommandExecutor.execute(DriverCommandExecutor.java:158)
	at org.openqa.selenium.remote.RemoteWebDriver.execute(RemoteWebDriver.java:543)
	at org.openqa.selenium.remote.RemoteWebElement.execute(RemoteWebElement.java:257)
	at org.openqa.selenium.remote.RemoteWebElement.click(RemoteWebElement.java:78)
	at org.openqa.selenium.support.pagefactory.internal.LocatingElementHandler.invoke(LocatingElementHandler.java:52)
	at com.sun.proxy.$Proxy33.click(Unknown Source)
	at pageobjects.LoginPage.login(LoginPage.java:111)
	at testcases.ViewVendorPortfolioListTest.Verify_Listofportfolio(ViewVendorPortfolioListTest.java:70)
	at java.util.ArrayList.forEach(Unknown Source)
... Removed 35 stack frames</pre></div><a href='#' onClick='toggleBox("stack-trace1957188885", this, "Click to show all stack frames", "Click to hide stack frames")'>Click to show all stack frames</a>
<div class='stack-trace' id='stack-trace1957188885'><pre>org.openqa.selenium.ElementClickInterceptedException: element click intercepted: Element &lt;button type=&quot;submit&quot; class=&quot;submit-btn register-btn&quot;&gt;...&lt;/button&gt; is not clickable at point (791, 676). Other element would receive the click: &lt;iframe title=&quot;recaptcha challenge expires in two minutes&quot; src=&quot;https://www.google.com/recaptcha/api2/bframe?hl=en&amp;amp;v=iZWPJyR27lB0cR4hL_xOX0GC&amp;amp;k=6Lfi8nYUAAAAAFABusxKihqLxp3Ms9PoPQ8z6Qlo&quot; name=&quot;c-ul6aw6n97nxh&quot; frameborder=&quot;0&quot; scrolling=&quot;no&quot; sandbox=&quot;allow-forms allow-popups allow-same-origin allow-scripts allow-top-navigation allow-modals allow-popups-to-escape-sandbox&quot; style=&quot;width: 400px; height: 580px;&quot;&gt;&lt;/iframe&gt;
  (Session info: chrome=114.0.5735.199)
Build info: version: &apos;4.9.1&apos;, revision: &apos;eb2032df7f&apos;
System info: os.name: &apos;Windows 10&apos;, os.arch: &apos;amd64&apos;, os.version: &apos;10.0&apos;, java.version: &apos;1.8.0_361&apos;
Driver info: org.openqa.selenium.chrome.ChromeDriver
Command: [2659a259f89a0ea5a725e66f3d45e390, clickElement {id=FAAAD5C15680BA35D24FCF85C7C1B887_element_61}]
Capabilities {acceptInsecureCerts: false, browserName: chrome, browserVersion: 114.0.5735.199, chrome: {chromedriverVersion: 114.0.5735.90 (386bc09e8f4f..., userDataDir: C:\Users\Rashmi\AppData\Loc...}, goog:chromeOptions: {debuggerAddress: localhost:60529}, networkConnectionEnabled: false, pageLoadStrategy: normal, platformName: windows, proxy: Proxy(), se:cdp: ws://localhost:60529/devtoo..., se:cdpVersion: 114.0.5735.199, setWindowRect: true, strictFileInteractability: false, timeouts: {implicit: 0, pageLoad: 300000, script: 30000}, unhandledPromptBehavior: dismiss and notify, webauthn:extension:credBlob: true, webauthn:extension:largeBlob: true, webauthn:extension:minPinLength: true, webauthn:extension:prf: true, webauthn:virtualAuthenticators: true}
Element: [[ChromeDriver: chrome on windows (2659a259f89a0ea5a725e66f3d45e390)] -&gt; xpath: //button[contains(text(),&apos;Sign in&apos;)]]
Session ID: 2659a259f89a0ea5a725e66f3d45e390
	at sun.reflect.NativeConstructorAccessorImpl.newInstance0(Native Method)
	at sun.reflect.NativeConstructorAccessorImpl.newInstance(Unknown Source)
	at sun.reflect.DelegatingConstructorAccessorImpl.newInstance(Unknown Source)
	at java.lang.reflect.Constructor.newInstance(Unknown Source)
	at org.openqa.selenium.remote.codec.w3c.W3CHttpResponseCodec.createException(W3CHttpResponseCodec.java:200)
	at org.openqa.selenium.remote.codec.w3c.W3CHttpResponseCodec.decode(W3CHttpResponseCodec.java:133)
	at org.openqa.selenium.remote.codec.w3c.W3CHttpResponseCodec.decode(W3CHttpResponseCodec.java:53)
	at org.openqa.selenium.remote.HttpCommandExecutor.execute(HttpCommandExecutor.java:193)
	at org.openqa.selenium.remote.service.DriverCommandExecutor.invokeExecute(DriverCommandExecutor.java:183)
	at org.openqa.selenium.remote.service.DriverCommandExecutor.execute(DriverCommandExecutor.java:158)
	at org.openqa.selenium.remote.RemoteWebDriver.execute(RemoteWebDriver.java:543)
	at org.openqa.selenium.remote.RemoteWebElement.execute(RemoteWebElement.java:257)
	at org.openqa.selenium.remote.RemoteWebElement.click(RemoteWebElement.java:78)
	at sun.reflect.NativeMethodAccessorImpl.invoke0(Native Method)
	at sun.reflect.NativeMethodAccessorImpl.invoke(Unknown Source)
	at sun.reflect.DelegatingMethodAccessorImpl.invoke(Unknown Source)
	at java.lang.reflect.Method.invoke(Unknown Source)
	at org.openqa.selenium.support.pagefactory.internal.LocatingElementHandler.invoke(LocatingElementHandler.java:52)
	at com.sun.proxy.$Proxy33.click(Unknown Source)
	at pageobjects.LoginPage.login(LoginPage.java:111)
	at testcases.ViewVendorPortfolioListTest.Verify_Listofportfolio(ViewVendorPortfolioListTest.java:70)
	at sun.reflect.NativeMethodAccessorImpl.invoke0(Native Method)
	at sun.reflect.NativeMethodAccessorImpl.invoke(Unknown Source)
	at sun.reflect.DelegatingMethodAccessorImpl.invoke(Unknown Source)
	at java.lang.reflect.Method.invoke(Unknown Source)
	at org.testng.internal.MethodInvocationHelper.invokeMethod(MethodInvocationHelper.java:133)
	at org.testng.internal.TestInvoker.invokeMethod(TestInvoker.java:598)
	at org.testng.internal.TestInvoker.invokeTestMethod(TestInvoker.java:173)
	at org.testng.internal.MethodRunner.runInSequence(MethodRunner.java:46)
	at org.testng.internal.TestInvoker$MethodInvocationAgent.invoke(TestInvoker.java:824)
	at org.testng.internal.TestInvoker.invokeTestMethods(TestInvoker.java:146)
	at org.testng.internal.TestMethodWorker.invokeTestMethods(TestMethodWorker.java:146)
	at org.testng.internal.TestMethodWorker.run(TestMethodWorker.java:128)
	at java.util.ArrayList.forEach(Unknown Source)
	at org.testng.TestRunner.privateRun(TestRunner.java:794)
	at org.testng.TestRunner.run(TestRunner.java:596)
	at org.testng.SuiteRunner.runTest(SuiteRunner.java:377)
	at org.testng.SuiteRunner.runSequentially(SuiteRunner.java:371)
	at org.testng.SuiteRunner.privateRun(SuiteRunner.java:332)
	at org.testng.SuiteRunner.run(SuiteRunner.java:276)
	at org.testng.SuiteRunnerWorker.runSuite(SuiteRunnerWorker.java:53)
	at org.testng.SuiteRunnerWorker.run(SuiteRunnerWorker.java:96)
	at org.testng.TestNG.runSuitesSequentially(TestNG.java:1212)
	at org.testng.TestNG.runSuitesLocally(TestNG.java:1134)
	at org.testng.TestNG.runSuites(TestNG.java:1063)
	at org.testng.TestNG.run(TestNG.java:1031)
	at org.testng.remote.AbstractRemoteTestNG.run(AbstractRemoteTestNG.java:115)
	at org.testng.remote.RemoteTestNG.initAndRun(RemoteTestNG.java:251)
	at org.testng.remote.RemoteTestNG.main(RemoteTestNG.java:77)
</pre></div></td>
<td>5</td>
<td>testcases.ViewVendorPortfolioListTest@4201c465</td></tr>
<tr>
<td title='testcases.LoginPageTest.Verify_InvalidloginTest()'><b>Verify_InvalidloginTest</b><br>Test class: testcases.LoginPageTest</td>
<td><div><pre>org.openqa.selenium.ElementClickInterceptedException: element click intercepted: Element &lt;button type=&quot;submit&quot; class=&quot;submit-btn register-btn&quot;&gt;...&lt;/button&gt; is not clickable at point (791, 676). Other element would receive the click: &lt;iframe title=&quot;recaptcha challenge expires in two minutes&quot; src=&quot;https://www.google.com/recaptcha/api2/bframe?hl=en&amp;amp;v=iZWPJyR27lB0cR4hL_xOX0GC&amp;amp;k=6Lfi8nYUAAAAAFABusxKihqLxp3Ms9PoPQ8z6Qlo&quot; name=&quot;c-i5310vq0yrtw&quot; frameborder=&quot;0&quot; scrolling=&quot;no&quot; sandbox=&quot;allow-forms allow-popups allow-same-origin allow-scripts allow-top-navigation allow-modals allow-popups-to-escape-sandbox&quot; style=&quot;width: 400px; height: 580px;&quot;&gt;&lt;/iframe&gt;
  (Session info: chrome=114.0.5735.199)
Build info: version: &apos;4.9.1&apos;, revision: &apos;eb2032df7f&apos;
System info: os.name: &apos;Windows 10&apos;, os.arch: &apos;amd64&apos;, os.version: &apos;10.0&apos;, java.version: &apos;1.8.0_361&apos;
Driver info: org.openqa.selenium.chrome.ChromeDriver
Command: [3715ee94077536f9a6c0d8565d060361, clickElement {id=D664CE5618D0E779157CEE05B1C3EBBD_element_60}]
Capabilities {acceptInsecureCerts: false, browserName: chrome, browserVersion: 114.0.5735.199, chrome: {chromedriverVersion: 114.0.5735.90 (386bc09e8f4f..., userDataDir: C:\Users\Rashmi\AppData\Loc...}, goog:chromeOptions: {debuggerAddress: localhost:60460}, networkConnectionEnabled: false, pageLoadStrategy: normal, platformName: windows, proxy: Proxy(), se:cdp: ws://localhost:60460/devtoo..., se:cdpVersion: 114.0.5735.199, setWindowRect: true, strictFileInteractability: false, timeouts: {implicit: 0, pageLoad: 300000, script: 30000}, unhandledPromptBehavior: dismiss and notify, webauthn:extension:credBlob: true, webauthn:extension:largeBlob: true, webauthn:extension:minPinLength: true, webauthn:extension:prf: true, webauthn:virtualAuthenticators: true}
Element: [[ChromeDriver: chrome on windows (3715ee94077536f9a6c0d8565d060361)] -&gt; xpath: //button[contains(text(),&apos;Sign in&apos;)]]
Session ID: 3715ee94077536f9a6c0d8565d060361
	at org.openqa.selenium.remote.codec.w3c.W3CHttpResponseCodec.createException(W3CHttpResponseCodec.java:200)
	at org.openqa.selenium.remote.codec.w3c.W3CHttpResponseCodec.decode(W3CHttpResponseCodec.java:133)
	at org.openqa.selenium.remote.codec.w3c.W3CHttpResponseCodec.decode(W3CHttpResponseCodec.java:53)
	at org.openqa.selenium.remote.HttpCommandExecutor.execute(HttpCommandExecutor.java:193)
	at org.openqa.selenium.remote.service.DriverCommandExecutor.invokeExecute(DriverCommandExecutor.java:183)
	at org.openqa.selenium.remote.service.DriverCommandExecutor.execute(DriverCommandExecutor.java:158)
	at org.openqa.selenium.remote.RemoteWebDriver.execute(RemoteWebDriver.java:543)
	at org.openqa.selenium.remote.RemoteWebElement.execute(RemoteWebElement.java:257)
	at org.openqa.selenium.remote.RemoteWebElement.click(RemoteWebElement.java:78)
	at org.openqa.selenium.support.pagefactory.internal.LocatingElementHandler.invoke(LocatingElementHandler.java:52)
	at com.sun.proxy.$Proxy33.click(Unknown Source)
	at pageobjects.LoginPage.login(LoginPage.java:111)
	at testcases.LoginPageTest.Verify_InvalidloginTest(LoginPageTest.java:75)
	at java.util.ArrayList.forEach(Unknown Source)
... Removed 35 stack frames</pre></div><a href='#' onClick='toggleBox("stack-trace2058762296", this, "Click to show all stack frames", "Click to hide stack frames")'>Click to show all stack frames</a>
<div class='stack-trace' id='stack-trace2058762296'><pre>org.openqa.selenium.ElementClickInterceptedException: element click intercepted: Element &lt;button type=&quot;submit&quot; class=&quot;submit-btn register-btn&quot;&gt;...&lt;/button&gt; is not clickable at point (791, 676). Other element would receive the click: &lt;iframe title=&quot;recaptcha challenge expires in two minutes&quot; src=&quot;https://www.google.com/recaptcha/api2/bframe?hl=en&amp;amp;v=iZWPJyR27lB0cR4hL_xOX0GC&amp;amp;k=6Lfi8nYUAAAAAFABusxKihqLxp3Ms9PoPQ8z6Qlo&quot; name=&quot;c-i5310vq0yrtw&quot; frameborder=&quot;0&quot; scrolling=&quot;no&quot; sandbox=&quot;allow-forms allow-popups allow-same-origin allow-scripts allow-top-navigation allow-modals allow-popups-to-escape-sandbox&quot; style=&quot;width: 400px; height: 580px;&quot;&gt;&lt;/iframe&gt;
  (Session info: chrome=114.0.5735.199)
Build info: version: &apos;4.9.1&apos;, revision: &apos;eb2032df7f&apos;
System info: os.name: &apos;Windows 10&apos;, os.arch: &apos;amd64&apos;, os.version: &apos;10.0&apos;, java.version: &apos;1.8.0_361&apos;
Driver info: org.openqa.selenium.chrome.ChromeDriver
Command: [3715ee94077536f9a6c0d8565d060361, clickElement {id=D664CE5618D0E779157CEE05B1C3EBBD_element_60}]
Capabilities {acceptInsecureCerts: false, browserName: chrome, browserVersion: 114.0.5735.199, chrome: {chromedriverVersion: 114.0.5735.90 (386bc09e8f4f..., userDataDir: C:\Users\Rashmi\AppData\Loc...}, goog:chromeOptions: {debuggerAddress: localhost:60460}, networkConnectionEnabled: false, pageLoadStrategy: normal, platformName: windows, proxy: Proxy(), se:cdp: ws://localhost:60460/devtoo..., se:cdpVersion: 114.0.5735.199, setWindowRect: true, strictFileInteractability: false, timeouts: {implicit: 0, pageLoad: 300000, script: 30000}, unhandledPromptBehavior: dismiss and notify, webauthn:extension:credBlob: true, webauthn:extension:largeBlob: true, webauthn:extension:minPinLength: true, webauthn:extension:prf: true, webauthn:virtualAuthenticators: true}
Element: [[ChromeDriver: chrome on windows (3715ee94077536f9a6c0d8565d060361)] -&gt; xpath: //button[contains(text(),&apos;Sign in&apos;)]]
Session ID: 3715ee94077536f9a6c0d8565d060361
	at sun.reflect.NativeConstructorAccessorImpl.newInstance0(Native Method)
	at sun.reflect.NativeConstructorAccessorImpl.newInstance(Unknown Source)
	at sun.reflect.DelegatingConstructorAccessorImpl.newInstance(Unknown Source)
	at java.lang.reflect.Constructor.newInstance(Unknown Source)
	at org.openqa.selenium.remote.codec.w3c.W3CHttpResponseCodec.createException(W3CHttpResponseCodec.java:200)
	at org.openqa.selenium.remote.codec.w3c.W3CHttpResponseCodec.decode(W3CHttpResponseCodec.java:133)
	at org.openqa.selenium.remote.codec.w3c.W3CHttpResponseCodec.decode(W3CHttpResponseCodec.java:53)
	at org.openqa.selenium.remote.HttpCommandExecutor.execute(HttpCommandExecutor.java:193)
	at org.openqa.selenium.remote.service.DriverCommandExecutor.invokeExecute(DriverCommandExecutor.java:183)
	at org.openqa.selenium.remote.service.DriverCommandExecutor.execute(DriverCommandExecutor.java:158)
	at org.openqa.selenium.remote.RemoteWebDriver.execute(RemoteWebDriver.java:543)
	at org.openqa.selenium.remote.RemoteWebElement.execute(RemoteWebElement.java:257)
	at org.openqa.selenium.remote.RemoteWebElement.click(RemoteWebElement.java:78)
	at sun.reflect.NativeMethodAccessorImpl.invoke0(Native Method)
	at sun.reflect.NativeMethodAccessorImpl.invoke(Unknown Source)
	at sun.reflect.DelegatingMethodAccessorImpl.invoke(Unknown Source)
	at java.lang.reflect.Method.invoke(Unknown Source)
	at org.openqa.selenium.support.pagefactory.internal.LocatingElementHandler.invoke(LocatingElementHandler.java:52)
	at com.sun.proxy.$Proxy33.click(Unknown Source)
	at pageobjects.LoginPage.login(LoginPage.java:111)
	at testcases.LoginPageTest.Verify_InvalidloginTest(LoginPageTest.java:75)
	at sun.reflect.NativeMethodAccessorImpl.invoke0(Native Method)
	at sun.reflect.NativeMethodAccessorImpl.invoke(Unknown Source)
	at sun.reflect.DelegatingMethodAccessorImpl.invoke(Unknown Source)
	at java.lang.reflect.Method.invoke(Unknown Source)
	at org.testng.internal.MethodInvocationHelper.invokeMethod(MethodInvocationHelper.java:133)
	at org.testng.internal.TestInvoker.invokeMethod(TestInvoker.java:598)
	at org.testng.internal.TestInvoker.invokeTestMethod(TestInvoker.java:173)
	at org.testng.internal.MethodRunner.runInSequence(MethodRunner.java:46)
	at org.testng.internal.TestInvoker$MethodInvocationAgent.invoke(TestInvoker.java:824)
	at org.testng.internal.TestInvoker.invokeTestMethods(TestInvoker.java:146)
	at org.testng.internal.TestMethodWorker.invokeTestMethods(TestMethodWorker.java:146)
	at org.testng.internal.TestMethodWorker.run(TestMethodWorker.java:128)
	at java.util.ArrayList.forEach(Unknown Source)
	at org.testng.TestRunner.privateRun(TestRunner.java:794)
	at org.testng.TestRunner.run(TestRunner.java:596)
	at org.testng.SuiteRunner.runTest(SuiteRunner.java:377)
	at org.testng.SuiteRunner.runSequentially(SuiteRunner.java:371)
	at org.testng.SuiteRunner.privateRun(SuiteRunner.java:332)
	at org.testng.SuiteRunner.run(SuiteRunner.java:276)
	at org.testng.SuiteRunnerWorker.runSuite(SuiteRunnerWorker.java:53)
	at org.testng.SuiteRunnerWorker.run(SuiteRunnerWorker.java:96)
	at org.testng.TestNG.runSuitesSequentially(TestNG.java:1212)
	at org.testng.TestNG.runSuitesLocally(TestNG.java:1134)
	at org.testng.TestNG.runSuites(TestNG.java:1063)
	at org.testng.TestNG.run(TestNG.java:1031)
	at org.testng.remote.AbstractRemoteTestNG.run(AbstractRemoteTestNG.java:115)
	at org.testng.remote.RemoteTestNG.initAndRun(RemoteTestNG.java:251)
	at org.testng.remote.RemoteTestNG.main(RemoteTestNG.java:77)
</pre></div></td>
<td>5</td>
<td>testcases.LoginPageTest@5965d37</td></tr>
</table><p>
<table width='100%' border='1' class='invocation-passed'>
<tr><td colspan='4' align='center'><b>PASSED TESTS</b></td></tr>
<tr><td><b>Test method</b></td>
<td width="30%"><b>Exception</b></td>
<td width="10%"><b>Time (seconds)</b></td>
<td><b>Instance</b></td>
</tr>
<tr>
<td title='testcases.FindSoftwareCategoryPage.validate_SoftwarePageTitleTest()'><b>validate_SoftwarePageTitleTest</b><br>Test class: testcases.FindSoftwareCategoryPage</td>
<td></td>
<td>1</td>
<td>testcases.FindSoftwareCategoryPage@6cb107fd</td></tr>
<tr>
<td title='testcases.FindSoftwareCategoryPage.verify_FilterByDevicesupportselection()'><b>verify_FilterByDevicesupportselection</b><br>Test class: testcases.FindSoftwareCategoryPage</td>
<td></td>
<td>26</td>
<td>testcases.FindSoftwareCategoryPage@6cb107fd</td></tr>
<tr>
<td title='testcases.FindSoftwareCategoryPage.verify_FilterByPriceModelSelection()'><b>verify_FilterByPriceModelSelection</b><br>Test class: testcases.FindSoftwareCategoryPage</td>
<td></td>
<td>20</td>
<td>testcases.FindSoftwareCategoryPage@6cb107fd</td></tr>
<tr>
<td title='testcases.FindSoftwareCategoryPage.verify_FindSoftwareMenuTest()'><b>verify_FindSoftwareMenuTest</b><br>Test class: testcases.FindSoftwareCategoryPage</td>
<td></td>
<td>5</td>
<td>testcases.FindSoftwareCategoryPage@6cb107fd</td></tr>
<tr>
<td title='testcases.LoginPageTest.verify_ValidloginTest()'><b>verify_ValidloginTest</b><br>Test class: testcases.LoginPageTest</td>
<td></td>
<td>6</td>
<td>testcases.LoginPageTest@5965d37</td></tr>
<tr>
<td title='testcases.VerifyFooterLinksclickTest.footerlinks_aboutTest()'><b>footerlinks_aboutTest</b><br>Test class: testcases.VerifyFooterLinksclickTest</td>
<td></td>
<td>27</td>
<td>testcases.VerifyFooterLinksclickTest@1a245833</td></tr>
<tr>
<td title='testcases.FindSoftwareCategoryPage.verify_SoftwareCategory_PaginationTest()'><b>verify_SoftwareCategory_PaginationTest</b><br>Test class: testcases.FindSoftwareCategoryPage</td>
<td></td>
<td>16</td>
<td>testcases.FindSoftwareCategoryPage@6cb107fd</td></tr>
<tr>
<td title='testcases.FindSoftwareCategoryPage.verify_FindSoftwareByFilter()'><b>verify_FindSoftwareByFilter</b><br>Test class: testcases.FindSoftwareCategoryPage</td>
<td></td>
<td>114</td>
<td>testcases.FindSoftwareCategoryPage@6cb107fd</td></tr>
<tr>
<td title='testcases.FindSoftwareCategoryPage.verify_FilterByTargetcompanysizeselection()'><b>verify_FilterByTargetcompanysizeselection</b><br>Test class: testcases.FindSoftwareCategoryPage</td>
<td></td>
<td>26</td>
<td>testcases.FindSoftwareCategoryPage@6cb107fd</td></tr>
<tr>
<td title='testcases.BlogPageTest.verify_BlogPage()'><b>verify_BlogPage</b><br>Test class: testcases.BlogPageTest</td>
<td></td>
<td>0</td>
<td>testcases.BlogPageTest@6b695b06</td></tr>
<tr>
<td title='testcases.VerifyFooterLinksclickTest.verify_copyrightTest()'><b>verify_copyrightTest</b><br>Test class: testcases.VerifyFooterLinksclickTest</td>
<td></td>
<td>0</td>
<td>testcases.VerifyFooterLinksclickTest@1a245833</td></tr>
<tr>
<td title='testcases.FindSoftwareCategoryPage.verify_SORTBy_SoftwareTest()'><b>verify_SORTBy_SoftwareTest</b><br>Test class: testcases.FindSoftwareCategoryPage</td>
<td></td>
<td>9</td>
<td>testcases.FindSoftwareCategoryPage@6cb107fd</td></tr>
<tr>
<td title='testcases.ServiceMenuPageTest.verify_servicemenu()'><b>verify_servicemenu</b><br>Test class: testcases.ServiceMenuPageTest</td>
<td></td>
<td>5</td>
<td>testcases.ServiceMenuPageTest@7a5ceedd</td></tr>
<tr>
<td title='testcases.LoginPageTest.verify_ValidSigninClickTest()'><b>verify_ValidSigninClickTest</b><br>Test class: testcases.LoginPageTest</td>
<td></td>
<td>1</td>
<td>testcases.LoginPageTest@5965d37</td></tr>
<tr>
<td title='testcases.FindSoftwareCategoryPage.verify_FilterByExtra_selectCheckbox()'><b>verify_FilterByExtra_selectCheckbox</b><br>Test class: testcases.FindSoftwareCategoryPage</td>
<td></td>
<td>5</td>
<td>testcases.FindSoftwareCategoryPage@6cb107fd</td></tr>
<tr>
<td title='testcases.FindSoftwareCategoryPage.verify_SoftwareRelatedCategoryTest()'><b>verify_SoftwareRelatedCategoryTest</b><br>Test class: testcases.FindSoftwareCategoryPage</td>
<td></td>
<td>20</td>
<td>testcases.FindSoftwareCategoryPage@6cb107fd</td></tr>
<tr>
<td title='testcases.LoginPageTest.Verify_goodfirmsImageTest()'><b>Verify_goodfirmsImageTest</b><br>Test class: testcases.LoginPageTest</td>
<td></td>
<td>0</td>
<td>testcases.LoginPageTest@5965d37</td></tr>
<tr>
<td title='testcases.FindSoftwareCategoryPage.verify_FilterByPopularFeaturescheck()'><b>verify_FilterByPopularFeaturescheck</b><br>Test class: testcases.FindSoftwareCategoryPage</td>
<td></td>
<td>5</td>
<td>testcases.FindSoftwareCategoryPage@6cb107fd</td></tr>
<tr>
<td title='testcases.LoginPageTest.Verify_loginPageTitleTest()'><b>Verify_loginPageTitleTest</b><br>Test class: testcases.LoginPageTest</td>
<td></td>
<td>0</td>
<td>testcases.LoginPageTest@5965d37</td></tr>
<tr>
<td title='testcases.FindSoftwareCategoryPage.verify_FilterByDeploymentselection()'><b>verify_FilterByDeploymentselection</b><br>Test class: testcases.FindSoftwareCategoryPage</td>
<td></td>
<td>30</td>
<td>testcases.FindSoftwareCategoryPage@6cb107fd</td></tr>
<tr>
<td title='testcases.TopSearchPageTest.verify_validateSearchBymultilingualService_Lanaguage()'><b>verify_validateSearchBymultilingualService_Lanaguage</b><br>Test class: testcases.TopSearchPageTest</td>
<td></td>
<td>25</td>
<td>testcases.TopSearchPageTest@710636b0</td></tr>
</table><p>
</body>
</html>